mode: set
github.com/apstndb/spanner-mycli/dev-tools/spanner-mycli-dev/main.go:175.13,192.2 13 0
github.com/apstndb/spanner-mycli/dev-tools/spanner-mycli-dev/main.go:194.13,195.42 1 0
github.com/apstndb/spanner-mycli/dev-tools/spanner-mycli-dev/main.go:195.42,198.3 2 0
github.com/apstndb/spanner-mycli/dev-tools/spanner-mycli-dev/main.go:201.61,206.42 3 0
github.com/apstndb/spanner-mycli/dev-tools/spanner-mycli-dev/main.go:206.42,208.3 1 0
github.com/apstndb/spanner-mycli/dev-tools/spanner-mycli-dev/main.go:210.2,213.38 2 0
github.com/apstndb/spanner-mycli/dev-tools/spanner-mycli-dev/main.go:213.38,215.3 1 0
github.com/apstndb/spanner-mycli/dev-tools/spanner-mycli-dev/main.go:218.2,218.34 1 0
github.com/apstndb/spanner-mycli/dev-tools/spanner-mycli-dev/main.go:218.34,223.3 4 0
github.com/apstndb/spanner-mycli/dev-tools/spanner-mycli-dev/main.go:226.2,227.68 2 0
github.com/apstndb/spanner-mycli/dev-tools/spanner-mycli-dev/main.go:227.68,229.3 1 0
github.com/apstndb/spanner-mycli/dev-tools/spanner-mycli-dev/main.go:232.2,234.74 3 0
github.com/apstndb/spanner-mycli/dev-tools/spanner-mycli-dev/main.go:234.74,236.3 1 0
github.com/apstndb/spanner-mycli/dev-tools/spanner-mycli-dev/main.go:238.2,244.20 5 0
github.com/apstndb/spanner-mycli/dev-tools/spanner-mycli-dev/main.go:244.20,246.3 1 0
github.com/apstndb/spanner-mycli/dev-tools/spanner-mycli-dev/main.go:247.2,258.12 9 0
github.com/apstndb/spanner-mycli/dev-tools/spanner-mycli-dev/main.go:261.61,262.38 1 0
github.com/apstndb/spanner-mycli/dev-tools/spanner-mycli-dev/main.go:262.38,264.3 1 0
github.com/apstndb/spanner-mycli/dev-tools/spanner-mycli-dev/main.go:266.2,268.16 3 0
github.com/apstndb/spanner-mycli/dev-tools/spanner-mycli-dev/main.go:268.16,270.3 1 0
github.com/apstndb/spanner-mycli/dev-tools/spanner-mycli-dev/main.go:272.2,273.39 2 0
github.com/apstndb/spanner-mycli/dev-tools/spanner-mycli-dev/main.go:273.39,276.3 2 0
github.com/apstndb/spanner-mycli/dev-tools/spanner-mycli-dev/main.go:278.2,279.29 2 0
github.com/apstndb/spanner-mycli/dev-tools/spanner-mycli-dev/main.go:279.29,280.17 1 0
github.com/apstndb/spanner-mycli/dev-tools/spanner-mycli-dev/main.go:280.17,282.4 1 0
github.com/apstndb/spanner-mycli/dev-tools/spanner-mycli-dev/main.go:285.2,285.12 1 0
github.com/apstndb/spanner-mycli/dev-tools/spanner-mycli-dev/main.go:288.62,291.38 2 0
github.com/apstndb/spanner-mycli/dev-tools/spanner-mycli-dev/main.go:291.38,293.3 1 0
github.com/apstndb/spanner-mycli/dev-tools/spanner-mycli-dev/main.go:295.2,295.35 1 0
github.com/apstndb/spanner-mycli/dev-tools/spanner-mycli-dev/main.go:295.35,297.3 1 0
github.com/apstndb/spanner-mycli/dev-tools/spanner-mycli-dev/main.go:299.2,299.18 1 0
github.com/apstndb/spanner-mycli/dev-tools/spanner-mycli-dev/main.go:299.18,306.17 4 0
github.com/apstndb/spanner-mycli/dev-tools/spanner-mycli-dev/main.go:306.17,308.4 1 0
github.com/apstndb/spanner-mycli/dev-tools/spanner-mycli-dev/main.go:310.3,310.28 1 0
github.com/apstndb/spanner-mycli/dev-tools/spanner-mycli-dev/main.go:310.28,316.4 5 0
github.com/apstndb/spanner-mycli/dev-tools/spanner-mycli-dev/main.go:318.3,318.50 1 0
github.com/apstndb/spanner-mycli/dev-tools/spanner-mycli-dev/main.go:322.2,323.77 2 0
github.com/apstndb/spanner-mycli/dev-tools/spanner-mycli-dev/main.go:323.77,325.3 1 0
github.com/apstndb/spanner-mycli/dev-tools/spanner-mycli-dev/main.go:327.2,328.12 2 0
github.com/apstndb/spanner-mycli/dev-tools/spanner-mycli-dev/main.go:331.58,335.51 2 0
github.com/apstndb/spanner-mycli/dev-tools/spanner-mycli-dev/main.go:335.51,337.3 1 0
github.com/apstndb/spanner-mycli/dev-tools/spanner-mycli-dev/main.go:340.2,342.38 3 0
github.com/apstndb/spanner-mycli/dev-tools/spanner-mycli-dev/main.go:342.38,344.3 1 0
github.com/apstndb/spanner-mycli/dev-tools/spanner-mycli-dev/main.go:347.2,350.16 4 0
github.com/apstndb/spanner-mycli/dev-tools/spanner-mycli-dev/main.go:350.16,352.3 1 0
github.com/apstndb/spanner-mycli/dev-tools/spanner-mycli-dev/main.go:354.2,354.83 1 0
github.com/apstndb/spanner-mycli/dev-tools/spanner-mycli-dev/main.go:354.83,356.3 1 0
github.com/apstndb/spanner-mycli/dev-tools/spanner-mycli-dev/main.go:359.2,362.16 4 0
github.com/apstndb/spanner-mycli/dev-tools/spanner-mycli-dev/main.go:362.16,364.3 1 0
github.com/apstndb/spanner-mycli/dev-tools/spanner-mycli-dev/main.go:366.2,366.80 1 0
github.com/apstndb/spanner-mycli/dev-tools/spanner-mycli-dev/main.go:366.80,368.3 1 0
github.com/apstndb/spanner-mycli/dev-tools/spanner-mycli-dev/main.go:371.2,371.52 1 0
github.com/apstndb/spanner-mycli/dev-tools/spanner-mycli-dev/main.go:371.52,373.3 1 0
github.com/apstndb/spanner-mycli/dev-tools/spanner-mycli-dev/main.go:375.2,375.56 1 0
github.com/apstndb/spanner-mycli/dev-tools/spanner-mycli-dev/main.go:375.56,377.3 1 0
github.com/apstndb/spanner-mycli/dev-tools/spanner-mycli-dev/main.go:379.2,391.12 12 0
github.com/apstndb/spanner-mycli/dev-tools/spanner-mycli-dev/main.go:394.69,400.38 4 0
github.com/apstndb/spanner-mycli/dev-tools/spanner-mycli-dev/main.go:400.38,402.3 1 0
github.com/apstndb/spanner-mycli/dev-tools/spanner-mycli-dev/main.go:404.2,407.19 2 0
github.com/apstndb/spanner-mycli/dev-tools/spanner-mycli-dev/main.go:407.19,412.17 3 0
github.com/apstndb/spanner-mycli/dev-tools/spanner-mycli-dev/main.go:412.17,416.4 3 0
github.com/apstndb/spanner-mycli/dev-tools/spanner-mycli-dev/main.go:417.3,419.26 2 0
github.com/apstndb/spanner-mycli/dev-tools/spanner-mycli-dev/main.go:419.26,421.4 1 0
github.com/apstndb/spanner-mycli/dev-tools/spanner-mycli-dev/main.go:421.9,423.4 1 0
github.com/apstndb/spanner-mycli/dev-tools/spanner-mycli-dev/main.go:427.2,427.25 1 0
github.com/apstndb/spanner-mycli/dev-tools/spanner-mycli-dev/main.go:427.25,430.76 3 0
github.com/apstndb/spanner-mycli/dev-tools/spanner-mycli-dev/main.go:430.76,432.4 1 0
github.com/apstndb/spanner-mycli/dev-tools/spanner-mycli-dev/main.go:433.3,433.45 1 0
github.com/apstndb/spanner-mycli/dev-tools/spanner-mycli-dev/main.go:434.8,436.3 1 0
github.com/apstndb/spanner-mycli/dev-tools/spanner-mycli-dev/main.go:439.2,440.19 2 0
github.com/apstndb/spanner-mycli/dev-tools/spanner-mycli-dev/main.go:440.19,443.3 2 0
github.com/apstndb/spanner-mycli/dev-tools/spanner-mycli-dev/main.go:443.8,446.3 2 0
github.com/apstndb/spanner-mycli/dev-tools/spanner-mycli-dev/main.go:448.2,451.38 3 0
github.com/apstndb/spanner-mycli/dev-tools/spanner-mycli-dev/main.go:451.38,453.3 1 0
github.com/apstndb/spanner-mycli/dev-tools/spanner-mycli-dev/main.go:456.2,461.38 5 0
github.com/apstndb/spanner-mycli/dev-tools/spanner-mycli-dev/main.go:461.38,463.3 1 0
github.com/apstndb/spanner-mycli/dev-tools/spanner-mycli-dev/main.go:465.2,472.12 7 0
github.com/apstndb/spanner-mycli/dev-tools/spanner-mycli-dev/main.go:475.62,481.16 2 0
github.com/apstndb/spanner-mycli/dev-tools/spanner-mycli-dev/main.go:481.16,483.3 1 0
github.com/apstndb/spanner-mycli/dev-tools/spanner-mycli-dev/main.go:486.2,517.16 5 0
github.com/apstndb/spanner-mycli/dev-tools/spanner-mycli-dev/main.go:517.16,519.3 1 0
github.com/apstndb/spanner-mycli/dev-tools/spanner-mycli-dev/main.go:521.2,542.58 2 0
github.com/apstndb/spanner-mycli/dev-tools/spanner-mycli-dev/main.go:542.58,544.3 1 0
github.com/apstndb/spanner-mycli/dev-tools/spanner-mycli-dev/main.go:546.2,551.16 4 0
github.com/apstndb/spanner-mycli/dev-tools/spanner-mycli-dev/main.go:551.16,553.3 1 0
github.com/apstndb/spanner-mycli/dev-tools/spanner-mycli-dev/main.go:555.2,556.16 2 0
github.com/apstndb/spanner-mycli/dev-tools/spanner-mycli-dev/main.go:556.16,558.3 1 0
github.com/apstndb/spanner-mycli/dev-tools/spanner-mycli-dev/main.go:562.2,571.39 7 0
github.com/apstndb/spanner-mycli/dev-tools/spanner-mycli-dev/main.go:571.39,577.46 2 0
github.com/apstndb/spanner-mycli/dev-tools/spanner-mycli-dev/main.go:577.46,580.9 3 0
github.com/apstndb/spanner-mycli/dev-tools/spanner-mycli-dev/main.go:584.2,584.26 1 0
github.com/apstndb/spanner-mycli/dev-tools/spanner-mycli-dev/main.go:587.39,590.16 3 0
github.com/apstndb/spanner-mycli/dev-tools/spanner-mycli-dev/main.go:590.16,592.3 1 0
github.com/apstndb/spanner-mycli/dev-tools/spanner-mycli-dev/main.go:594.2,595.29 2 0
github.com/apstndb/spanner-mycli/dev-tools/spanner-mycli-dev/main.go:595.29,596.38 1 0
github.com/apstndb/spanner-mycli/dev-tools/spanner-mycli-dev/main.go:596.38,598.4 1 0
github.com/apstndb/spanner-mycli/dev-tools/spanner-mycli-dev/main.go:600.2,600.14 1 0
github.com/apstndb/spanner-mycli/dev-tools/spanner-mycli-dev/main.go:603.63,609.19 3 0
github.com/apstndb/spanner-mycli/dev-tools/spanner-mycli-dev/main.go:609.19,611.3 1 0
github.com/apstndb/spanner-mycli/dev-tools/spanner-mycli-dev/main.go:613.2,613.18 1 0
github.com/apstndb/spanner-mycli/dev-tools/spanner-mycli-dev/main.go:613.18,615.3 1 0
github.com/apstndb/spanner-mycli/dev-tools/spanner-mycli-dev/main.go:620.2,626.40 6 0
github.com/apstndb/spanner-mycli/dev-tools/spanner-mycli-dev/main.go:626.40,628.3 1 0
github.com/apstndb/spanner-mycli/dev-tools/spanner-mycli-dev/main.go:630.2,636.16 5 0
github.com/apstndb/spanner-mycli/dev-tools/spanner-mycli-dev/main.go:636.16,638.3 1 0
github.com/apstndb/spanner-mycli/dev-tools/spanner-mycli-dev/main.go:640.2,645.38 4 0
github.com/apstndb/spanner-mycli/dev-tools/spanner-mycli-dev/main.go:645.38,647.3 1 0
github.com/apstndb/spanner-mycli/dev-tools/spanner-mycli-dev/main.go:649.2,650.19 2 0
github.com/apstndb/spanner-mycli/dev-tools/spanner-mycli-dev/main.go:650.19,653.3 2 0
github.com/apstndb/spanner-mycli/dev-tools/spanner-mycli-dev/main.go:653.8,656.3 2 0
github.com/apstndb/spanner-mycli/dev-tools/spanner-mycli-dev/main.go:658.2,661.38 3 0
github.com/apstndb/spanner-mycli/dev-tools/spanner-mycli-dev/main.go:661.38,663.3 1 0
github.com/apstndb/spanner-mycli/dev-tools/spanner-mycli-dev/main.go:666.2,671.38 5 0
github.com/apstndb/spanner-mycli/dev-tools/spanner-mycli-dev/main.go:671.38,673.3 1 0
github.com/apstndb/spanner-mycli/dev-tools/spanner-mycli-dev/main.go:675.2,681.12 6 0
github.com/apstndb/spanner-mycli/dev-tools/spanner-mycli-dev/main.go:684.62,692.75 5 0
github.com/apstndb/spanner-mycli/dev-tools/spanner-mycli-dev/main.go:692.75,694.3 1 0
github.com/apstndb/spanner-mycli/dev-tools/spanner-mycli-dev/main.go:695.2,699.38 3 0
github.com/apstndb/spanner-mycli/dev-tools/spanner-mycli-dev/main.go:699.38,701.3 1 0
github.com/apstndb/spanner-mycli/dev-tools/spanner-mycli-dev/main.go:703.2,704.19 2 0
github.com/apstndb/spanner-mycli/dev-tools/spanner-mycli-dev/main.go:704.19,707.3 2 0
github.com/apstndb/spanner-mycli/dev-tools/spanner-mycli-dev/main.go:707.8,710.3 2 0
github.com/apstndb/spanner-mycli/dev-tools/spanner-mycli-dev/main.go:712.2,715.38 3 0
github.com/apstndb/spanner-mycli/dev-tools/spanner-mycli-dev/main.go:715.38,717.3 1 0
github.com/apstndb/spanner-mycli/dev-tools/spanner-mycli-dev/main.go:720.2,725.38 5 0
github.com/apstndb/spanner-mycli/dev-tools/spanner-mycli-dev/main.go:725.38,727.3 1 0
github.com/apstndb/spanner-mycli/dev-tools/spanner-mycli-dev/main.go:729.2,736.12 7 0
github.com/apstndb/spanner-mycli/dev-tools/shared/cache.go:17.40,21.2 3 0
github.com/apstndb/spanner-mycli/dev-tools/shared/cache.go:34.113,35.54 1 0
github.com/apstndb/spanner-mycli/dev-tools/shared/cache.go:35.54,37.3 1 0
github.com/apstndb/spanner-mycli/dev-tools/shared/cache.go:39.2,49.16 3 0
github.com/apstndb/spanner-mycli/dev-tools/shared/cache.go:49.16,51.3 1 0
github.com/apstndb/spanner-mycli/dev-tools/shared/cache.go:53.2,54.60 2 0
github.com/apstndb/spanner-mycli/dev-tools/shared/cache.go:54.60,56.3 1 0
github.com/apstndb/spanner-mycli/dev-tools/shared/cache.go:58.2,59.12 2 0
github.com/apstndb/spanner-mycli/dev-tools/shared/cache.go:63.85,67.16 3 0
github.com/apstndb/spanner-mycli/dev-tools/shared/cache.go:67.16,69.3 1 0
github.com/apstndb/spanner-mycli/dev-tools/shared/cache.go:71.2,72.55 2 0
github.com/apstndb/spanner-mycli/dev-tools/shared/cache.go:72.55,74.3 1 0
github.com/apstndb/spanner-mycli/dev-tools/shared/cache.go:76.2,76.22 1 0
github.com/apstndb/spanner-mycli/dev-tools/shared/commands.go:50.111,64.2 3 0
github.com/apstndb/spanner-mycli/dev-tools/shared/commands.go:67.108,76.2 1 0
github.com/apstndb/spanner-mycli/dev-tools/shared/commands.go:79.64,95.2 3 0
github.com/apstndb/spanner-mycli/dev-tools/shared/commands.go:98.56,99.37 1 0
github.com/apstndb/spanner-mycli/dev-tools/shared/commands.go:99.37,100.19 1 0
github.com/apstndb/spanner-mycli/dev-tools/shared/commands.go:101.16,102.95 1 0
github.com/apstndb/spanner-mycli/dev-tools/shared/commands.go:103.15,104.91 1 0
github.com/apstndb/spanner-mycli/dev-tools/shared/commands.go:105.18,106.114 1 0
github.com/apstndb/spanner-mycli/dev-tools/shared/commands.go:107.15,108.104 1 0
github.com/apstndb/spanner-mycli/dev-tools/shared/commands.go:109.18,110.93 1 0
github.com/apstndb/spanner-mycli/dev-tools/shared/commands.go:111.18,112.97 1 0
github.com/apstndb/spanner-mycli/dev-tools/shared/commands.go:113.18,114.94 1 0
github.com/apstndb/spanner-mycli/dev-tools/shared/commands.go:115.18,116.107 1 0
github.com/apstndb/spanner-mycli/dev-tools/shared/commands.go:117.11,118.73 1 0
github.com/apstndb/spanner-mycli/dev-tools/shared/commands.go:124.66,125.37 1 0
github.com/apstndb/spanner-mycli/dev-tools/shared/commands.go:125.37,126.19 1 0
github.com/apstndb/spanner-mycli/dev-tools/shared/commands.go:127.16,128.105 1 0
github.com/apstndb/spanner-mycli/dev-tools/shared/commands.go:129.15,130.101 1 0
github.com/apstndb/spanner-mycli/dev-tools/shared/commands.go:131.18,132.124 1 0
github.com/apstndb/spanner-mycli/dev-tools/shared/commands.go:133.15,134.114 1 0
github.com/apstndb/spanner-mycli/dev-tools/shared/commands.go:135.18,136.104 1 0
github.com/apstndb/spanner-mycli/dev-tools/shared/commands.go:137.11,138.84 1 0
github.com/apstndb/spanner-mycli/dev-tools/shared/commands.go:152.13,155.45 1 0
github.com/apstndb/spanner-mycli/dev-tools/shared/commands.go:155.45,160.3 2 0
github.com/apstndb/spanner-mycli/dev-tools/shared/commands.go:168.33,170.16 2 0
github.com/apstndb/spanner-mycli/dev-tools/shared/commands.go:170.16,172.3 1 0
github.com/apstndb/spanner-mycli/dev-tools/shared/commands.go:173.2,175.12 3 0
github.com/apstndb/spanner-mycli/dev-tools/shared/commands.go:179.33,181.2 1 0
github.com/apstndb/spanner-mycli/dev-tools/shared/commands.go:184.60,185.19 1 0
github.com/apstndb/spanner-mycli/dev-tools/shared/commands.go:185.19,187.3 1 0
github.com/apstndb/spanner-mycli/dev-tools/shared/commands.go:189.2,190.16 2 0
github.com/apstndb/spanner-mycli/dev-tools/shared/commands.go:190.16,191.73 1 0
github.com/apstndb/spanner-mycli/dev-tools/shared/commands.go:193.2,194.20 2 0
github.com/apstndb/spanner-mycli/dev-tools/shared/commands.go:199.48,200.31 1 0
github.com/apstndb/spanner-mycli/dev-tools/shared/commands.go:200.31,202.3 1 0
github.com/apstndb/spanner-mycli/dev-tools/shared/commands.go:203.2,203.48 1 0
github.com/apstndb/spanner-mycli/dev-tools/shared/commands.go:209.70,210.31 1 0
github.com/apstndb/spanner-mycli/dev-tools/shared/commands.go:210.31,213.3 1 0
github.com/apstndb/spanner-mycli/dev-tools/shared/commands.go:214.2,214.45 1 0
github.com/apstndb/spanner-mycli/dev-tools/shared/commands.go:218.72,219.33 1 0
github.com/apstndb/spanner-mycli/dev-tools/shared/commands.go:219.33,221.3 1 0
github.com/apstndb/spanner-mycli/dev-tools/shared/commands.go:225.94,234.2 3 0
github.com/apstndb/spanner-mycli/dev-tools/shared/errors.go:25.61,27.2 1 0
github.com/apstndb/spanner-mycli/dev-tools/shared/errors.go:30.51,32.2 1 0
github.com/apstndb/spanner-mycli/dev-tools/shared/errors.go:35.51,37.2 1 0
github.com/apstndb/spanner-mycli/dev-tools/shared/errors.go:40.52,42.2 1 0
github.com/apstndb/spanner-mycli/dev-tools/shared/errors.go:45.50,47.2 1 0
github.com/apstndb/spanner-mycli/dev-tools/shared/errors.go:50.50,52.2 1 0
github.com/apstndb/spanner-mycli/dev-tools/shared/errors.go:55.52,57.2 1 0
github.com/apstndb/spanner-mycli/dev-tools/shared/errors.go:60.54,62.2 1 0
github.com/apstndb/spanner-mycli/dev-tools/shared/errors.go:65.54,67.2 1 0
github.com/apstndb/spanner-mycli/dev-tools/shared/git_remote.go:19.49,22.16 3 0
github.com/apstndb/spanner-mycli/dev-tools/shared/git_remote.go:22.16,24.3 1 0
github.com/apstndb/spanner-mycli/dev-tools/shared/git_remote.go:26.2,30.29 4 0
github.com/apstndb/spanner-mycli/dev-tools/shared/git_remote.go:30.29,31.36 1 0
github.com/apstndb/spanner-mycli/dev-tools/shared/git_remote.go:31.36,32.12 1 0
github.com/apstndb/spanner-mycli/dev-tools/shared/git_remote.go:35.3,36.21 2 0
github.com/apstndb/spanner-mycli/dev-tools/shared/git_remote.go:36.21,37.12 1 0
github.com/apstndb/spanner-mycli/dev-tools/shared/git_remote.go:40.3,45.16 4 0
github.com/apstndb/spanner-mycli/dev-tools/shared/git_remote.go:45.16,46.12 1 0
github.com/apstndb/spanner-mycli/dev-tools/shared/git_remote.go:48.3,51.17 3 0
github.com/apstndb/spanner-mycli/dev-tools/shared/git_remote.go:51.17,52.12 1 0
github.com/apstndb/spanner-mycli/dev-tools/shared/git_remote.go:55.3,60.5 1 0
github.com/apstndb/spanner-mycli/dev-tools/shared/git_remote.go:63.2,63.21 1 0
github.com/apstndb/spanner-mycli/dev-tools/shared/git_remote.go:67.62,85.35 3 0
github.com/apstndb/spanner-mycli/dev-tools/shared/git_remote.go:85.35,88.24 3 0
github.com/apstndb/spanner-mycli/dev-tools/shared/git_remote.go:88.24,90.4 1 0
github.com/apstndb/spanner-mycli/dev-tools/shared/git_remote.go:93.2,93.63 1 0
github.com/apstndb/spanner-mycli/dev-tools/shared/git_remote.go:97.49,99.16 2 0
github.com/apstndb/spanner-mycli/dev-tools/shared/git_remote.go:99.16,101.3 1 0
github.com/apstndb/spanner-mycli/dev-tools/shared/git_remote.go:103.2,103.23 1 0
github.com/apstndb/spanner-mycli/dev-tools/shared/git_remote.go:103.23,105.3 1 0
github.com/apstndb/spanner-mycli/dev-tools/shared/git_remote.go:108.2,108.33 1 0
github.com/apstndb/spanner-mycli/dev-tools/shared/git_remote.go:108.33,109.30 1 0
github.com/apstndb/spanner-mycli/dev-tools/shared/git_remote.go:109.30,111.4 1 0
github.com/apstndb/spanner-mycli/dev-tools/shared/git_remote.go:115.2,115.25 1 0
github.com/apstndb/spanner-mycli/dev-tools/shared/git_remote.go:119.53,121.16 2 0
github.com/apstndb/spanner-mycli/dev-tools/shared/git_remote.go:121.16,123.3 1 0
github.com/apstndb/spanner-mycli/dev-tools/shared/git_remote.go:125.2,125.39 1 0
github.com/apstndb/spanner-mycli/dev-tools/shared/git_remote.go:130.61,132.16 2 0
github.com/apstndb/spanner-mycli/dev-tools/shared/git_remote.go:132.16,134.3 1 0
github.com/apstndb/spanner-mycli/dev-tools/shared/git_remote.go:136.2,138.33 2 0
github.com/apstndb/spanner-mycli/dev-tools/shared/git_remote.go:138.33,140.17 2 0
github.com/apstndb/spanner-mycli/dev-tools/shared/git_remote.go:140.17,142.4 1 0
github.com/apstndb/spanner-mycli/dev-tools/shared/git_remote.go:145.2,145.24 1 0
github.com/apstndb/spanner-mycli/dev-tools/shared/git_remote.go:149.37,151.40 1 0
github.com/apstndb/spanner-mycli/dev-tools/shared/git_remote.go:151.40,153.21 2 0
github.com/apstndb/spanner-mycli/dev-tools/shared/git_remote.go:153.21,155.4 1 0
github.com/apstndb/spanner-mycli/dev-tools/shared/git_remote.go:159.2,159.62 1 0
github.com/apstndb/spanner-mycli/dev-tools/shared/git_remote.go:159.62,161.22 2 0
github.com/apstndb/spanner-mycli/dev-tools/shared/git_remote.go:161.22,164.4 2 0
github.com/apstndb/spanner-mycli/dev-tools/shared/git_remote.go:168.2,168.38 1 0
github.com/apstndb/spanner-mycli/dev-tools/shared/git_remote.go:168.38,170.21 2 0
github.com/apstndb/spanner-mycli/dev-tools/shared/git_remote.go:170.21,172.4 1 0
github.com/apstndb/spanner-mycli/dev-tools/shared/git_remote.go:175.2,175.11 1 0
github.com/apstndb/spanner-mycli/dev-tools/shared/git_remote.go:179.29,183.2 3 0
github.com/apstndb/spanner-mycli/dev-tools/shared/git_remote.go:186.41,189.16 3 0
github.com/apstndb/spanner-mycli/dev-tools/shared/git_remote.go:189.16,191.3 1 0
github.com/apstndb/spanner-mycli/dev-tools/shared/git_remote.go:193.2,193.47 1 0
github.com/apstndb/spanner-mycli/dev-tools/shared/git_remote.go:203.48,209.2 1 0
github.com/apstndb/spanner-mycli/dev-tools/shared/git_remote.go:212.86,213.19 1 0
github.com/apstndb/spanner-mycli/dev-tools/shared/git_remote.go:213.19,215.3 1 0
github.com/apstndb/spanner-mycli/dev-tools/shared/git_remote.go:217.2,218.16 2 0
github.com/apstndb/spanner-mycli/dev-tools/shared/git_remote.go:218.16,220.3 1 0
github.com/apstndb/spanner-mycli/dev-tools/shared/git_remote.go:223.2,223.34 1 0
github.com/apstndb/spanner-mycli/dev-tools/shared/git_remote.go:223.34,225.34 2 0
github.com/apstndb/spanner-mycli/dev-tools/shared/git_remote.go:225.34,227.52 2 0
github.com/apstndb/spanner-mycli/dev-tools/shared/git_remote.go:227.52,228.28 1 0
github.com/apstndb/spanner-mycli/dev-tools/shared/git_remote.go:228.28,230.11 2 0
github.com/apstndb/spanner-mycli/dev-tools/shared/git_remote.go:234.3,234.21 1 0
github.com/apstndb/spanner-mycli/dev-tools/shared/git_remote.go:237.2,237.23 1 0
github.com/apstndb/spanner-mycli/dev-tools/shared/git_remote.go:237.23,239.3 1 0
github.com/apstndb/spanner-mycli/dev-tools/shared/git_remote.go:242.2,242.52 1 0
github.com/apstndb/spanner-mycli/dev-tools/shared/git_remote.go:242.52,243.34 1 0
github.com/apstndb/spanner-mycli/dev-tools/shared/git_remote.go:243.34,244.32 1 0
github.com/apstndb/spanner-mycli/dev-tools/shared/git_remote.go:244.32,246.5 1 0
github.com/apstndb/spanner-mycli/dev-tools/shared/git_remote.go:251.2,251.47 1 0
github.com/apstndb/spanner-mycli/dev-tools/shared/github.go:39.44,40.23 1 0
github.com/apstndb/spanner-mycli/dev-tools/shared/github.go:40.23,59.3 3 0
github.com/apstndb/spanner-mycli/dev-tools/shared/github.go:60.2,60.25 1 0
github.com/apstndb/spanner-mycli/dev-tools/shared/github.go:72.56,73.17 1 0
github.com/apstndb/spanner-mycli/dev-tools/shared/github.go:73.17,75.3 1 0
github.com/apstndb/spanner-mycli/dev-tools/shared/github.go:76.2,76.16 1 0
github.com/apstndb/spanner-mycli/dev-tools/shared/github.go:76.16,78.3 1 0
github.com/apstndb/spanner-mycli/dev-tools/shared/github.go:79.2,83.3 1 0
github.com/apstndb/spanner-mycli/dev-tools/shared/github.go:88.33,91.16 3 0
github.com/apstndb/spanner-mycli/dev-tools/shared/github.go:91.16,93.3 1 0
github.com/apstndb/spanner-mycli/dev-tools/shared/github.go:95.2,96.17 2 0
github.com/apstndb/spanner-mycli/dev-tools/shared/github.go:96.17,98.3 1 0
github.com/apstndb/spanner-mycli/dev-tools/shared/github.go:100.2,100.19 1 0
github.com/apstndb/spanner-mycli/dev-tools/shared/github.go:118.70,120.2 1 0
github.com/apstndb/spanner-mycli/dev-tools/shared/github.go:124.117,126.16 2 0
github.com/apstndb/spanner-mycli/dev-tools/shared/github.go:126.16,128.3 1 0
github.com/apstndb/spanner-mycli/dev-tools/shared/github.go:131.2,137.16 3 0
github.com/apstndb/spanner-mycli/dev-tools/shared/github.go:137.16,139.3 1 0
github.com/apstndb/spanner-mycli/dev-tools/shared/github.go:142.2,143.16 2 0
github.com/apstndb/spanner-mycli/dev-tools/shared/github.go:143.16,145.3 1 0
github.com/apstndb/spanner-mycli/dev-tools/shared/github.go:147.2,153.16 5 0
github.com/apstndb/spanner-mycli/dev-tools/shared/github.go:153.16,155.3 1 0
github.com/apstndb/spanner-mycli/dev-tools/shared/github.go:156.2,161.16 4 0
github.com/apstndb/spanner-mycli/dev-tools/shared/github.go:161.16,163.3 1 0
github.com/apstndb/spanner-mycli/dev-tools/shared/github.go:166.2,166.38 1 0
github.com/apstndb/spanner-mycli/dev-tools/shared/github.go:166.38,168.3 1 0
github.com/apstndb/spanner-mycli/dev-tools/shared/github.go:171.2,172.66 2 0
github.com/apstndb/spanner-mycli/dev-tools/shared/github.go:172.66,173.34 1 0
github.com/apstndb/spanner-mycli/dev-tools/shared/github.go:173.34,175.4 1 0
github.com/apstndb/spanner-mycli/dev-tools/shared/github.go:178.2,178.25 1 0
github.com/apstndb/spanner-mycli/dev-tools/shared/github.go:186.69,188.16 2 0
github.com/apstndb/spanner-mycli/dev-tools/shared/github.go:188.16,190.3 1 0
github.com/apstndb/spanner-mycli/dev-tools/shared/github.go:193.2,209.16 4 0
github.com/apstndb/spanner-mycli/dev-tools/shared/github.go:209.16,211.3 1 0
github.com/apstndb/spanner-mycli/dev-tools/shared/github.go:213.2,223.60 2 0
github.com/apstndb/spanner-mycli/dev-tools/shared/github.go:223.60,225.3 1 0
github.com/apstndb/spanner-mycli/dev-tools/shared/github.go:227.2,251.16 5 0
github.com/apstndb/spanner-mycli/dev-tools/shared/github.go:251.16,253.3 1 0
github.com/apstndb/spanner-mycli/dev-tools/shared/github.go:255.2,255.12 1 0
github.com/apstndb/spanner-mycli/dev-tools/shared/github.go:274.58,276.26 1 0
github.com/apstndb/spanner-mycli/dev-tools/shared/github.go:276.26,278.3 1 0
github.com/apstndb/spanner-mycli/dev-tools/shared/github.go:281.2,294.16 4 0
github.com/apstndb/spanner-mycli/dev-tools/shared/github.go:294.16,296.3 1 0
github.com/apstndb/spanner-mycli/dev-tools/shared/github.go:298.2,306.62 2 0
github.com/apstndb/spanner-mycli/dev-tools/shared/github.go:306.62,308.3 1 0
github.com/apstndb/spanner-mycli/dev-tools/shared/github.go:311.2,313.28 2 0
github.com/apstndb/spanner-mycli/dev-tools/shared/github.go:317.72,320.16 2 0
github.com/apstndb/spanner-mycli/dev-tools/shared/github.go:320.16,322.3 1 0
github.com/apstndb/spanner-mycli/dev-tools/shared/github.go:325.2,353.16 4 0
github.com/apstndb/spanner-mycli/dev-tools/shared/github.go:353.16,355.3 1 0
github.com/apstndb/spanner-mycli/dev-tools/shared/github.go:357.2,365.56 2 0
github.com/apstndb/spanner-mycli/dev-tools/shared/github.go:365.56,367.3 1 0
github.com/apstndb/spanner-mycli/dev-tools/shared/github.go:369.2,369.58 1 0
github.com/apstndb/spanner-mycli/dev-tools/shared/github.go:373.57,382.16 3 0
github.com/apstndb/spanner-mycli/dev-tools/shared/github.go:382.16,384.3 1 0
github.com/apstndb/spanner-mycli/dev-tools/shared/github.go:386.2,394.58 2 0
github.com/apstndb/spanner-mycli/dev-tools/shared/github.go:394.58,396.3 1 0
github.com/apstndb/spanner-mycli/dev-tools/shared/github.go:398.2,398.40 1 0
github.com/apstndb/spanner-mycli/dev-tools/shared/github.go:402.62,405.16 2 0
github.com/apstndb/spanner-mycli/dev-tools/shared/github.go:405.16,407.3 1 0
github.com/apstndb/spanner-mycli/dev-tools/shared/github.go:410.2,430.16 4 0
github.com/apstndb/spanner-mycli/dev-tools/shared/github.go:430.16,432.3 1 0
github.com/apstndb/spanner-mycli/dev-tools/shared/github.go:434.2,444.56 2 0
github.com/apstndb/spanner-mycli/dev-tools/shared/github.go:444.56,446.3 1 0
github.com/apstndb/spanner-mycli/dev-tools/shared/github.go:448.2,449.19 2 0
github.com/apstndb/spanner-mycli/dev-tools/shared/github.go:449.19,451.3 1 0
github.com/apstndb/spanner-mycli/dev-tools/shared/github.go:453.2,453.21 1 0
github.com/apstndb/spanner-mycli/dev-tools/shared/github.go:457.41,460.16 3 0
github.com/apstndb/spanner-mycli/dev-tools/shared/github.go:460.16,462.3 1 0
github.com/apstndb/spanner-mycli/dev-tools/shared/github.go:463.2,463.47 1 0
github.com/apstndb/spanner-mycli/dev-tools/shared/github.go:475.69,502.16 4 0
github.com/apstndb/spanner-mycli/dev-tools/shared/github.go:502.16,504.3 1 0
github.com/apstndb/spanner-mycli/dev-tools/shared/github.go:506.2,519.58 2 0
github.com/apstndb/spanner-mycli/dev-tools/shared/github.go:519.58,521.3 1 0
github.com/apstndb/spanner-mycli/dev-tools/shared/github.go:523.2,524.22 2 0
github.com/apstndb/spanner-mycli/dev-tools/shared/github.go:524.22,526.3 1 0
github.com/apstndb/spanner-mycli/dev-tools/shared/github.go:528.2,533.8 1 0
github.com/apstndb/spanner-mycli/dev-tools/shared/github.go:547.53,548.17 1 0
github.com/apstndb/spanner-mycli/dev-tools/shared/github.go:548.17,550.3 1 0
github.com/apstndb/spanner-mycli/dev-tools/shared/github.go:553.2,554.11 2 0
github.com/apstndb/spanner-mycli/dev-tools/shared/github.go:554.11,555.17 1 0
github.com/apstndb/spanner-mycli/dev-tools/shared/github.go:556.26,558.18 2 0
github.com/apstndb/spanner-mycli/dev-tools/shared/github.go:558.18,560.5 1 0
github.com/apstndb/spanner-mycli/dev-tools/shared/github.go:561.4,561.59 1 0
github.com/apstndb/spanner-mycli/dev-tools/shared/github.go:563.21,565.18 2 0
github.com/apstndb/spanner-mycli/dev-tools/shared/github.go:565.18,567.5 1 0
github.com/apstndb/spanner-mycli/dev-tools/shared/github.go:568.4,568.56 1 0
github.com/apstndb/spanner-mycli/dev-tools/shared/github.go:570.11,572.107 1 0
github.com/apstndb/spanner-mycli/dev-tools/shared/github.go:577.2,578.16 2 0
github.com/apstndb/spanner-mycli/dev-tools/shared/github.go:578.16,580.3 1 0
github.com/apstndb/spanner-mycli/dev-tools/shared/github.go:581.2,581.56 1 0
github.com/apstndb/spanner-mycli/dev-tools/shared/github.go:588.75,590.16 2 0
github.com/apstndb/spanner-mycli/dev-tools/shared/github.go:590.16,592.3 1 0
github.com/apstndb/spanner-mycli/dev-tools/shared/github.go:594.2,594.21 1 0
github.com/apstndb/spanner-mycli/dev-tools/shared/github.go:595.17,598.17 2 0
github.com/apstndb/spanner-mycli/dev-tools/shared/github.go:598.17,600.4 1 0
github.com/apstndb/spanner-mycli/dev-tools/shared/github.go:601.3,601.93 1 0
github.com/apstndb/spanner-mycli/dev-tools/shared/github.go:603.12,605.81 1 0
github.com/apstndb/spanner-mycli/dev-tools/shared/github.go:607.15,610.17 2 0
github.com/apstndb/spanner-mycli/dev-tools/shared/github.go:610.17,612.4 1 0
github.com/apstndb/spanner-mycli/dev-tools/shared/github.go:615.3,615.26 1 0
github.com/apstndb/spanner-mycli/dev-tools/shared/github.go:615.26,616.26 1 0
github.com/apstndb/spanner-mycli/dev-tools/shared/github.go:616.26,618.5 1 0
github.com/apstndb/spanner-mycli/dev-tools/shared/github.go:621.3,621.19 1 0
github.com/apstndb/spanner-mycli/dev-tools/shared/github.go:621.19,623.4 1 0
github.com/apstndb/spanner-mycli/dev-tools/shared/github.go:624.3,624.86 1 0
github.com/apstndb/spanner-mycli/dev-tools/shared/github.go:626.14,629.17 2 0
github.com/apstndb/spanner-mycli/dev-tools/shared/github.go:629.17,631.4 1 0
github.com/apstndb/spanner-mycli/dev-tools/shared/github.go:633.3,633.24 1 0
github.com/apstndb/spanner-mycli/dev-tools/shared/github.go:634.22,635.93 1 0
github.com/apstndb/spanner-mycli/dev-tools/shared/github.go:636.16,639.18 2 0
github.com/apstndb/spanner-mycli/dev-tools/shared/github.go:639.18,641.5 1 0
github.com/apstndb/spanner-mycli/dev-tools/shared/github.go:644.4,644.27 1 0
github.com/apstndb/spanner-mycli/dev-tools/shared/github.go:644.27,645.27 1 0
github.com/apstndb/spanner-mycli/dev-tools/shared/github.go:645.27,647.6 1 0
github.com/apstndb/spanner-mycli/dev-tools/shared/github.go:650.4,650.20 1 0
github.com/apstndb/spanner-mycli/dev-tools/shared/github.go:650.20,652.5 1 0
github.com/apstndb/spanner-mycli/dev-tools/shared/github.go:653.4,653.90 1 0
github.com/apstndb/spanner-mycli/dev-tools/shared/github.go:654.11,655.68 1 0
github.com/apstndb/spanner-mycli/dev-tools/shared/github.go:658.10,659.73 1 0
github.com/apstndb/spanner-mycli/dev-tools/shared/graphql_fragments.go:226.50,229.44 2 0
github.com/apstndb/spanner-mycli/dev-tools/shared/graphql_fragments.go:229.44,231.3 1 0
github.com/apstndb/spanner-mycli/dev-tools/shared/graphql_fragments.go:234.2,246.3 3 0
github.com/apstndb/spanner-mycli/dev-tools/shared/graphql_fragments.go:250.68,256.44 4 0
github.com/apstndb/spanner-mycli/dev-tools/shared/graphql_fragments.go:256.44,265.42 2 0
github.com/apstndb/spanner-mycli/dev-tools/shared/graphql_fragments.go:265.42,267.4 1 0
github.com/apstndb/spanner-mycli/dev-tools/shared/graphql_fragments.go:268.3,268.37 1 0
github.com/apstndb/spanner-mycli/dev-tools/shared/graphql_fragments.go:271.2,280.3 1 0
github.com/apstndb/spanner-mycli/dev-tools/shared/graphql_fragments.go:284.55,292.2 1 0
github.com/apstndb/spanner-mycli/dev-tools/shared/graphql_fragments.go:295.63,303.2 1 0
github.com/apstndb/spanner-mycli/dev-tools/shared/graphql_fragments.go:320.75,326.47 4 0
github.com/apstndb/spanner-mycli/dev-tools/shared/graphql_fragments.go:326.47,327.37 1 0
github.com/apstndb/spanner-mycli/dev-tools/shared/graphql_fragments.go:327.37,328.12 1 0
github.com/apstndb/spanner-mycli/dev-tools/shared/graphql_fragments.go:330.3,330.56 1 0
github.com/apstndb/spanner-mycli/dev-tools/shared/graphql_fragments.go:334.2,335.53 2 0
github.com/apstndb/spanner-mycli/dev-tools/shared/graphql_fragments.go:335.53,337.3 1 0
github.com/apstndb/spanner-mycli/dev-tools/shared/graphql_fragments.go:339.2,347.3 1 0
github.com/apstndb/spanner-mycli/dev-tools/shared/graphql_responses.go:122.55,124.2 1 0
github.com/apstndb/spanner-mycli/dev-tools/shared/graphql_responses.go:127.67,129.2 1 0
github.com/apstndb/spanner-mycli/dev-tools/shared/graphql_responses.go:132.65,134.2 1 0
github.com/apstndb/spanner-mycli/dev-tools/shared/graphql_responses.go:137.72,139.2 1 0
github.com/apstndb/spanner-mycli/dev-tools/shared/graphql_responses.go:142.85,144.22 2 0
github.com/apstndb/spanner-mycli/dev-tools/shared/graphql_responses.go:144.22,146.3 1 0
github.com/apstndb/spanner-mycli/dev-tools/shared/graphql_responses.go:147.2,147.12 1 0
github.com/apstndb/spanner-mycli/dev-tools/shared/graphql_responses.go:151.86,154.2 2 0
github.com/apstndb/spanner-mycli/dev-tools/shared/graphql_vars.go:7.80,13.2 1 0
github.com/apstndb/spanner-mycli/dev-tools/shared/graphql_vars.go:16.116,20.2 3 0
github.com/apstndb/spanner-mycli/dev-tools/shared/graphql_vars.go:23.106,26.25 2 0
github.com/apstndb/spanner-mycli/dev-tools/shared/graphql_vars.go:26.25,28.3 1 0
github.com/apstndb/spanner-mycli/dev-tools/shared/graphql_vars.go:30.2,30.17 1 0
github.com/apstndb/spanner-mycli/dev-tools/shared/graphql_vars.go:30.17,32.3 1 0
github.com/apstndb/spanner-mycli/dev-tools/shared/graphql_vars.go:33.2,33.18 1 0
github.com/apstndb/spanner-mycli/dev-tools/shared/graphql_vars.go:33.18,35.3 1 0
github.com/apstndb/spanner-mycli/dev-tools/shared/graphql_vars.go:36.2,36.15 1 0
github.com/apstndb/spanner-mycli/dev-tools/shared/graphql_vars.go:36.15,38.3 1 0
github.com/apstndb/spanner-mycli/dev-tools/shared/graphql_vars.go:40.2,40.15 1 0
github.com/apstndb/spanner-mycli/dev-tools/shared/graphql_vars.go:44.62,48.2 1 0
github.com/apstndb/spanner-mycli/dev-tools/shared/graphql_vars.go:51.97,53.15 2 0
github.com/apstndb/spanner-mycli/dev-tools/shared/graphql_vars.go:53.15,55.3 1 0
github.com/apstndb/spanner-mycli/dev-tools/shared/graphql_vars.go:56.2,56.13 1 0
github.com/apstndb/spanner-mycli/dev-tools/shared/graphql_vars.go:60.110,67.2 1 0
github.com/apstndb/spanner-mycli/dev-tools/shared/graphql_vars.go:70.142,73.21 2 0
github.com/apstndb/spanner-mycli/dev-tools/shared/graphql_vars.go:73.21,75.3 1 0
github.com/apstndb/spanner-mycli/dev-tools/shared/graphql_vars.go:76.2,76.21 1 0
github.com/apstndb/spanner-mycli/dev-tools/shared/graphql_vars.go:76.21,78.3 1 0
github.com/apstndb/spanner-mycli/dev-tools/shared/graphql_vars.go:80.2,80.13 1 0
github.com/apstndb/spanner-mycli/dev-tools/shared/issue.go:17.75,48.16 4 0
github.com/apstndb/spanner-mycli/dev-tools/shared/issue.go:48.16,50.3 1 0
github.com/apstndb/spanner-mycli/dev-tools/shared/issue.go:52.2,72.58 2 0
github.com/apstndb/spanner-mycli/dev-tools/shared/issue.go:72.58,74.3 1 0
github.com/apstndb/spanner-mycli/dev-tools/shared/issue.go:76.2,77.74 2 0
github.com/apstndb/spanner-mycli/dev-tools/shared/issue.go:77.74,78.29 1 0
github.com/apstndb/spanner-mycli/dev-tools/shared/issue.go:78.29,84.4 1 0
github.com/apstndb/spanner-mycli/dev-tools/shared/issue.go:87.2,87.17 1 0
github.com/apstndb/spanner-mycli/dev-tools/shared/issue.go:91.78,93.16 2 0
github.com/apstndb/spanner-mycli/dev-tools/shared/issue.go:93.16,95.3 1 0
github.com/apstndb/spanner-mycli/dev-tools/shared/issue.go:98.2,98.25 1 0
github.com/apstndb/spanner-mycli/dev-tools/shared/issue.go:98.25,99.25 1 0
github.com/apstndb/spanner-mycli/dev-tools/shared/issue.go:99.25,101.4 1 0
github.com/apstndb/spanner-mycli/dev-tools/shared/issue.go:104.2,104.73 1 0
github.com/apstndb/spanner-mycli/dev-tools/shared/issue.go:109.80,111.16 2 0
github.com/apstndb/spanner-mycli/dev-tools/shared/issue.go:111.16,113.3 1 0
github.com/apstndb/spanner-mycli/dev-tools/shared/issue.go:116.2,116.71 1 0
github.com/apstndb/spanner-mycli/dev-tools/shared/issue.go:116.71,118.26 1 0
github.com/apstndb/spanner-mycli/dev-tools/shared/issue.go:118.26,119.26 1 0
github.com/apstndb/spanner-mycli/dev-tools/shared/issue.go:119.26,121.5 1 0
github.com/apstndb/spanner-mycli/dev-tools/shared/issue.go:124.3,124.19 1 0
github.com/apstndb/spanner-mycli/dev-tools/shared/issue.go:124.19,126.4 1 0
github.com/apstndb/spanner-mycli/dev-tools/shared/issue.go:130.2,130.66 1 0
github.com/apstndb/spanner-mycli/dev-tools/shared/messages.go:74.65,76.2 1 0
github.com/apstndb/spanner-mycli/dev-tools/shared/messages.go:79.43,81.2 1 0
github.com/apstndb/spanner-mycli/dev-tools/shared/messages.go:84.46,86.2 1 0
github.com/apstndb/spanner-mycli/dev-tools/shared/messages.go:89.63,91.2 1 0
github.com/apstndb/spanner-mycli/dev-tools/shared/messages.go:94.63,96.2 1 0
github.com/apstndb/spanner-mycli/dev-tools/shared/messages.go:99.60,101.2 1 0
github.com/apstndb/spanner-mycli/dev-tools/shared/messages.go:104.104,106.2 1 0
github.com/apstndb/spanner-mycli/dev-tools/shared/messages.go:109.55,111.2 1 0
github.com/apstndb/spanner-mycli/dev-tools/shared/messages.go:114.68,116.2 1 0
github.com/apstndb/spanner-mycli/dev-tools/shared/messages.go:119.48,121.2 1 0
github.com/apstndb/spanner-mycli/dev-tools/shared/messages.go:124.69,126.2 1 0
github.com/apstndb/spanner-mycli/dev-tools/shared/messages.go:129.52,131.2 1 0
github.com/apstndb/spanner-mycli/dev-tools/shared/node_graphql.go:17.57,22.2 1 0
github.com/apstndb/spanner-mycli/dev-tools/shared/node_graphql.go:25.63,30.2 4 0
github.com/apstndb/spanner-mycli/dev-tools/shared/node_graphql.go:33.71,40.2 1 0
github.com/apstndb/spanner-mycli/dev-tools/shared/node_graphql.go:109.91,113.16 3 0
github.com/apstndb/spanner-mycli/dev-tools/shared/node_graphql.go:113.16,115.3 1 0
github.com/apstndb/spanner-mycli/dev-tools/shared/node_graphql.go:117.2,118.58 2 0
github.com/apstndb/spanner-mycli/dev-tools/shared/node_graphql.go:118.58,120.3 1 0
github.com/apstndb/spanner-mycli/dev-tools/shared/node_graphql.go:122.2,122.23 1 0
github.com/apstndb/spanner-mycli/dev-tools/shared/paginated_review.go:29.124,31.16 2 0
github.com/apstndb/spanner-mycli/dev-tools/shared/paginated_review.go:31.16,33.3 1 0
github.com/apstndb/spanner-mycli/dev-tools/shared/paginated_review.go:36.2,36.21 1 0
github.com/apstndb/spanner-mycli/dev-tools/shared/paginated_review.go:36.21,38.3 1 0
github.com/apstndb/spanner-mycli/dev-tools/shared/paginated_review.go:41.2,92.22 4 0
github.com/apstndb/spanner-mycli/dev-tools/shared/paginated_review.go:92.22,114.3 2 0
github.com/apstndb/spanner-mycli/dev-tools/shared/paginated_review.go:114.8,114.30 1 0
github.com/apstndb/spanner-mycli/dev-tools/shared/paginated_review.go:114.30,136.3 2 0
github.com/apstndb/spanner-mycli/dev-tools/shared/paginated_review.go:136.8,157.3 2 0
github.com/apstndb/spanner-mycli/dev-tools/shared/paginated_review.go:159.2,160.16 2 0
github.com/apstndb/spanner-mycli/dev-tools/shared/paginated_review.go:160.16,162.3 1 0
github.com/apstndb/spanner-mycli/dev-tools/shared/paginated_review.go:165.2,209.58 2 0
github.com/apstndb/spanner-mycli/dev-tools/shared/paginated_review.go:209.58,211.3 1 0
github.com/apstndb/spanner-mycli/dev-tools/shared/paginated_review.go:213.2,218.42 4 0
github.com/apstndb/spanner-mycli/dev-tools/shared/paginated_review.go:218.42,219.32 1 0
github.com/apstndb/spanner-mycli/dev-tools/shared/paginated_review.go:219.32,220.12 1 0
github.com/apstndb/spanner-mycli/dev-tools/shared/paginated_review.go:224.3,229.49 4 0
github.com/apstndb/spanner-mycli/dev-tools/shared/paginated_review.go:229.49,237.4 1 0
github.com/apstndb/spanner-mycli/dev-tools/shared/paginated_review.go:239.3,248.5 1 0
github.com/apstndb/spanner-mycli/dev-tools/shared/paginated_review.go:251.2,269.8 1 0
github.com/apstndb/spanner-mycli/dev-tools/shared/review_monitor.go:51.60,53.2 1 0
github.com/apstndb/spanner-mycli/dev-tools/shared/review_monitor.go:56.79,58.16 2 0
github.com/apstndb/spanner-mycli/dev-tools/shared/review_monitor.go:58.16,60.3 1 0
github.com/apstndb/spanner-mycli/dev-tools/shared/review_monitor.go:63.2,87.16 4 0
github.com/apstndb/spanner-mycli/dev-tools/shared/review_monitor.go:87.16,89.3 1 0
github.com/apstndb/spanner-mycli/dev-tools/shared/review_monitor.go:91.2,111.58 2 0
github.com/apstndb/spanner-mycli/dev-tools/shared/review_monitor.go:111.58,113.3 1 0
github.com/apstndb/spanner-mycli/dev-tools/shared/review_monitor.go:115.2,116.76 2 0
github.com/apstndb/spanner-mycli/dev-tools/shared/review_monitor.go:116.76,117.53 1 0
github.com/apstndb/spanner-mycli/dev-tools/shared/review_monitor.go:117.53,118.12 1 0
github.com/apstndb/spanner-mycli/dev-tools/shared/review_monitor.go:122.3,126.53 3 0
github.com/apstndb/spanner-mycli/dev-tools/shared/review_monitor.go:126.53,127.12 1 0
github.com/apstndb/spanner-mycli/dev-tools/shared/review_monitor.go:131.3,146.5 3 0
github.com/apstndb/spanner-mycli/dev-tools/shared/review_monitor.go:149.2,149.19 1 0
github.com/apstndb/spanner-mycli/dev-tools/shared/review_monitor.go:153.68,157.91 2 0
github.com/apstndb/spanner-mycli/dev-tools/shared/review_monitor.go:157.91,159.3 1 0
github.com/apstndb/spanner-mycli/dev-tools/shared/review_monitor.go:160.2,161.48 1 0
github.com/apstndb/spanner-mycli/dev-tools/shared/review_monitor.go:161.48,163.3 1 0
github.com/apstndb/spanner-mycli/dev-tools/shared/review_monitor.go:164.2,164.96 1 0
github.com/apstndb/spanner-mycli/dev-tools/shared/review_monitor.go:164.96,166.3 1 0
github.com/apstndb/spanner-mycli/dev-tools/shared/review_monitor.go:167.2,167.90 1 0
github.com/apstndb/spanner-mycli/dev-tools/shared/review_monitor.go:167.90,169.3 1 0
github.com/apstndb/spanner-mycli/dev-tools/shared/review_monitor.go:172.2,173.43 2 0
github.com/apstndb/spanner-mycli/dev-tools/shared/review_monitor.go:173.43,174.43 1 0
github.com/apstndb/spanner-mycli/dev-tools/shared/review_monitor.go:174.43,176.4 1 0
github.com/apstndb/spanner-mycli/dev-tools/shared/review_monitor.go:180.2,181.39 2 0
github.com/apstndb/spanner-mycli/dev-tools/shared/review_monitor.go:181.39,182.43 1 0
github.com/apstndb/spanner-mycli/dev-tools/shared/review_monitor.go:182.43,184.4 1 0
github.com/apstndb/spanner-mycli/dev-tools/shared/review_monitor.go:187.2,187.21 1 0
github.com/apstndb/spanner-mycli/dev-tools/shared/review_monitor.go:191.63,208.44 5 0
github.com/apstndb/spanner-mycli/dev-tools/shared/review_monitor.go:208.44,209.62 1 0
github.com/apstndb/spanner-mycli/dev-tools/shared/review_monitor.go:209.62,212.4 2 0
github.com/apstndb/spanner-mycli/dev-tools/shared/review_monitor.go:215.2,215.17 1 0
github.com/apstndb/spanner-mycli/dev-tools/shared/review_monitor.go:219.80,222.37 2 0
github.com/apstndb/spanner-mycli/dev-tools/shared/review_monitor.go:222.37,224.36 2 0
github.com/apstndb/spanner-mycli/dev-tools/shared/review_monitor.go:224.36,225.48 1 0
github.com/apstndb/spanner-mycli/dev-tools/shared/review_monitor.go:225.48,227.27 2 0
github.com/apstndb/spanner-mycli/dev-tools/shared/review_monitor.go:227.27,229.6 1 0
github.com/apstndb/spanner-mycli/dev-tools/shared/review_monitor.go:230.5,230.19 1 0
github.com/apstndb/spanner-mycli/dev-tools/shared/review_monitor.go:236.2,236.37 1 0
github.com/apstndb/spanner-mycli/dev-tools/shared/review_monitor.go:236.37,238.24 2 0
github.com/apstndb/spanner-mycli/dev-tools/shared/review_monitor.go:238.24,239.26 1 0
github.com/apstndb/spanner-mycli/dev-tools/shared/review_monitor.go:239.26,241.5 1 0
github.com/apstndb/spanner-mycli/dev-tools/shared/review_monitor.go:242.4,242.18 1 0
github.com/apstndb/spanner-mycli/dev-tools/shared/review_monitor.go:246.2,246.36 1 0
github.com/apstndb/spanner-mycli/dev-tools/shared/review_monitor.go:250.70,255.25 3 0
github.com/apstndb/spanner-mycli/dev-tools/shared/review_monitor.go:255.25,257.3 1 0
github.com/apstndb/spanner-mycli/dev-tools/shared/review_monitor.go:260.2,262.28 3 0
github.com/apstndb/spanner-mycli/dev-tools/shared/review_monitor.go:262.28,264.3 1 0
github.com/apstndb/spanner-mycli/dev-tools/shared/review_monitor.go:266.2,266.26 1 0
github.com/apstndb/spanner-mycli/dev-tools/shared/review_monitor.go:270.56,271.28 1 0
github.com/apstndb/spanner-mycli/dev-tools/shared/review_monitor.go:271.28,272.34 1 0
github.com/apstndb/spanner-mycli/dev-tools/shared/review_monitor.go:272.34,273.22 1 0
github.com/apstndb/spanner-mycli/dev-tools/shared/review_monitor.go:273.22,275.5 1 0
github.com/apstndb/spanner-mycli/dev-tools/shared/review_monitor.go:278.2,278.14 1 0
github.com/apstndb/spanner-mycli/dev-tools/shared/review_monitor.go:282.51,283.21 1 0
github.com/apstndb/spanner-mycli/dev-tools/shared/review_monitor.go:283.21,285.3 1 0
github.com/apstndb/spanner-mycli/dev-tools/shared/review_monitor.go:287.2,292.29 4 0
github.com/apstndb/spanner-mycli/dev-tools/shared/review_monitor.go:292.29,294.3 1 0
github.com/apstndb/spanner-mycli/dev-tools/shared/review_monitor.go:297.2,297.119 1 0
github.com/apstndb/spanner-mycli/dev-tools/shared/review_monitor.go:297.119,299.29 2 0
github.com/apstndb/spanner-mycli/dev-tools/shared/review_monitor.go:299.29,300.12 1 0
github.com/apstndb/spanner-mycli/dev-tools/shared/review_monitor.go:303.3,304.19 2 0
github.com/apstndb/spanner-mycli/dev-tools/shared/review_monitor.go:305.25,306.25 1 0
github.com/apstndb/spanner-mycli/dev-tools/shared/review_monitor.go:307.21,308.27 1 0
github.com/apstndb/spanner-mycli/dev-tools/shared/review_monitor.go:309.23,310.24 1 0
github.com/apstndb/spanner-mycli/dev-tools/shared/review_monitor.go:311.20,312.25 1 0
github.com/apstndb/spanner-mycli/dev-tools/shared/review_monitor.go:315.3,316.30 2 0
github.com/apstndb/spanner-mycli/dev-tools/shared/review_monitor.go:316.30,319.30 3 0
github.com/apstndb/spanner-mycli/dev-tools/shared/review_monitor.go:319.30,321.5 1 0
github.com/apstndb/spanner-mycli/dev-tools/shared/review_monitor.go:322.4,322.29 1 0
github.com/apstndb/spanner-mycli/dev-tools/shared/review_monitor.go:322.29,324.5 1 0
github.com/apstndb/spanner-mycli/dev-tools/shared/review_monitor.go:325.4,325.28 1 0
github.com/apstndb/spanner-mycli/dev-tools/shared/review_monitor.go:329.2,329.24 1 0
github.com/apstndb/spanner-mycli/dev-tools/shared/status_formatting.go:53.88,54.46 1 0
github.com/apstndb/spanner-mycli/dev-tools/shared/status_formatting.go:54.46,55.15 1 0
github.com/apstndb/spanner-mycli/dev-tools/shared/status_formatting.go:55.15,57.4 1 0
github.com/apstndb/spanner-mycli/dev-tools/shared/status_formatting.go:58.3,58.22 1 0
github.com/apstndb/spanner-mycli/dev-tools/shared/status_formatting.go:62.2,62.14 1 0
github.com/apstndb/spanner-mycli/dev-tools/shared/status_formatting.go:62.14,64.3 1 0
github.com/apstndb/spanner-mycli/dev-tools/shared/status_formatting.go:65.2,65.43 1 0
github.com/apstndb/spanner-mycli/dev-tools/shared/status_formatting.go:69.60,71.2 1 0
github.com/apstndb/spanner-mycli/dev-tools/shared/status_formatting.go:74.65,76.2 1 0
github.com/apstndb/spanner-mycli/dev-tools/shared/status_formatting.go:79.69,81.2 1 0
github.com/apstndb/spanner-mycli/dev-tools/shared/status_formatting.go:84.78,86.18 2 0
github.com/apstndb/spanner-mycli/dev-tools/shared/status_formatting.go:86.18,88.3 1 0
github.com/apstndb/spanner-mycli/dev-tools/shared/status_formatting.go:89.2,89.51 1 0
github.com/apstndb/spanner-mycli/dev-tools/shared/threads.go:38.138,40.16 2 0
github.com/apstndb/spanner-mycli/dev-tools/shared/threads.go:40.16,42.3 1 0
github.com/apstndb/spanner-mycli/dev-tools/shared/threads.go:44.2,44.16 1 0
github.com/apstndb/spanner-mycli/dev-tools/shared/threads.go:44.16,46.3 1 0
github.com/apstndb/spanner-mycli/dev-tools/shared/threads.go:50.2,90.16 4 0
github.com/apstndb/spanner-mycli/dev-tools/shared/threads.go:90.16,92.3 1 0
github.com/apstndb/spanner-mycli/dev-tools/shared/threads.go:94.2,127.58 2 0
github.com/apstndb/spanner-mycli/dev-tools/shared/threads.go:127.58,129.3 1 0
github.com/apstndb/spanner-mycli/dev-tools/shared/threads.go:131.2,135.82 3 0
github.com/apstndb/spanner-mycli/dev-tools/shared/threads.go:135.82,137.42 1 0
github.com/apstndb/spanner-mycli/dev-tools/shared/threads.go:137.42,138.12 1 0
github.com/apstndb/spanner-mycli/dev-tools/shared/threads.go:142.3,146.49 4 0
github.com/apstndb/spanner-mycli/dev-tools/shared/threads.go:146.49,157.4 2 0
github.com/apstndb/spanner-mycli/dev-tools/shared/threads.go:166.3,166.82 1 0
github.com/apstndb/spanner-mycli/dev-tools/shared/threads.go:166.82,168.4 1 0
github.com/apstndb/spanner-mycli/dev-tools/shared/threads.go:171.3,171.36 1 0
github.com/apstndb/spanner-mycli/dev-tools/shared/threads.go:171.36,172.12 1 0
github.com/apstndb/spanner-mycli/dev-tools/shared/threads.go:175.3,183.5 1 0
github.com/apstndb/spanner-mycli/dev-tools/shared/threads.go:186.2,190.8 1 0
github.com/apstndb/spanner-mycli/dev-tools/shared/threads.go:200.91,201.25 1 0
github.com/apstndb/spanner-mycli/dev-tools/shared/threads.go:201.25,203.3 1 0
github.com/apstndb/spanner-mycli/dev-tools/shared/threads.go:207.2,240.16 4 0
github.com/apstndb/spanner-mycli/dev-tools/shared/threads.go:240.16,242.3 1 0
github.com/apstndb/spanner-mycli/dev-tools/shared/threads.go:244.2,271.58 2 0
github.com/apstndb/spanner-mycli/dev-tools/shared/threads.go:271.58,273.3 1 0
github.com/apstndb/spanner-mycli/dev-tools/shared/threads.go:275.2,277.43 2 0
github.com/apstndb/spanner-mycli/dev-tools/shared/threads.go:277.43,278.20 1 0
github.com/apstndb/spanner-mycli/dev-tools/shared/threads.go:278.20,279.12 1 0
github.com/apstndb/spanner-mycli/dev-tools/shared/threads.go:282.3,283.47 2 0
github.com/apstndb/spanner-mycli/dev-tools/shared/threads.go:283.47,291.4 1 0
github.com/apstndb/spanner-mycli/dev-tools/shared/threads.go:293.3,300.4 1 0
github.com/apstndb/spanner-mycli/dev-tools/shared/threads.go:303.2,303.21 1 0
github.com/apstndb/spanner-mycli/dev-tools/shared/threads.go:307.67,327.16 4 0
github.com/apstndb/spanner-mycli/dev-tools/shared/threads.go:327.16,329.3 1 0
github.com/apstndb/spanner-mycli/dev-tools/shared/threads.go:331.2,331.12 1 0
github.com/apstndb/spanner-mycli/dev-tools/shared/threads.go:338.61,356.16 4 0
github.com/apstndb/spanner-mycli/dev-tools/shared/threads.go:356.16,358.3 1 0
github.com/apstndb/spanner-mycli/dev-tools/shared/threads.go:360.2,360.12 1 0
github.com/apstndb/spanner-mycli/dev-tools/shared/timeout.go:12.61,13.22 1 0
github.com/apstndb/spanner-mycli/dev-tools/shared/timeout.go:13.22,15.3 1 0
github.com/apstndb/spanner-mycli/dev-tools/shared/timeout.go:18.2,18.39 1 0
github.com/apstndb/spanner-mycli/dev-tools/shared/timeout.go:22.66,23.20 1 0
github.com/apstndb/spanner-mycli/dev-tools/shared/timeout.go:23.20,25.100 1 0
github.com/apstndb/spanner-mycli/dev-tools/shared/timeout.go:25.100,27.4 1 0
github.com/apstndb/spanner-mycli/dev-tools/shared/timeout.go:28.3,28.25 1 0
github.com/apstndb/spanner-mycli/dev-tools/shared/timeout.go:32.2,32.113 1 0
github.com/apstndb/spanner-mycli/dev-tools/shared/timeout.go:32.113,34.3 1 0
github.com/apstndb/spanner-mycli/dev-tools/shared/timeout.go:36.2,36.18 1 0
github.com/apstndb/spanner-mycli/dev-tools/shared/timeout.go:43.74,45.14 2 0
github.com/apstndb/spanner-mycli/dev-tools/shared/timeout.go:45.14,47.3 1 0
github.com/apstndb/spanner-mycli/dev-tools/shared/timeout.go:50.2,51.16 2 0
github.com/apstndb/spanner-mycli/dev-tools/shared/timeout.go:51.16,53.3 1 0
github.com/apstndb/spanner-mycli/dev-tools/shared/timeout.go:55.2,55.18 1 0
github.com/apstndb/spanner-mycli/dev-tools/shared/timeout.go:55.18,57.3 1 0
github.com/apstndb/spanner-mycli/dev-tools/shared/timeout.go:59.2,59.22 1 0
github.com/apstndb/spanner-mycli/dev-tools/shared/timeout.go:66.67,68.2 1 0
github.com/apstndb/spanner-mycli/dev-tools/shared/timeout.go:71.76,73.16 2 0
github.com/apstndb/spanner-mycli/dev-tools/shared/timeout.go:73.16,75.3 1 0
github.com/apstndb/spanner-mycli/dev-tools/shared/timeout.go:77.2,83.8 2 0
github.com/apstndb/spanner-mycli/dev-tools/shared/timeout.go:93.42,95.2 1 0
github.com/apstndb/spanner-mycli/dev-tools/shared/ui_types.go:46.85,52.2 1 0
github.com/apstndb/spanner-mycli/dev-tools/shared/ui_types.go:55.35,59.2 3 0
github.com/apstndb/spanner-mycli/dev-tools/shared/ui_types.go:62.27,64.2 1 0
github.com/apstndb/spanner-mycli/dev-tools/shared/ui_types.go:67.62,71.2 3 0
github.com/apstndb/spanner-mycli/dev-tools/shared/ui_types.go:76.63,78.2 1 0
github.com/apstndb/spanner-mycli/dev-tools/shared/ui_types.go:81.64,83.2 1 0
github.com/apstndb/spanner-mycli/dev-tools/shared/ui_types.go:86.62,88.2 1 0
github.com/apstndb/spanner-mycli/dev-tools/shared/ui_types.go:91.64,93.2 1 0
github.com/apstndb/spanner-mycli/dev-tools/shared/ui_types.go:96.61,98.2 1 0
github.com/apstndb/spanner-mycli/dev-tools/shared/ui_types.go:101.65,103.2 1 0
github.com/apstndb/spanner-mycli/dev-tools/shared/ui_types.go:117.41,120.2 1 0
github.com/apstndb/spanner-mycli/dev-tools/shared/ui_types.go:123.33,125.2 1 0
github.com/apstndb/spanner-mycli/dev-tools/shared/ui_types.go:135.42,136.33 1 0
github.com/apstndb/spanner-mycli/dev-tools/shared/ui_types.go:136.33,138.3 1 0
github.com/apstndb/spanner-mycli/dev-tools/shared/ui_types.go:139.2,139.63 1 0
github.com/apstndb/spanner-mycli/dev-tools/shared/ui_types.go:143.34,145.2 1 0
github.com/apstndb/spanner-mycli/dev-tools/shared/ui_types.go:155.40,156.18 1 0
github.com/apstndb/spanner-mycli/dev-tools/shared/ui_types.go:156.18,158.3 1 0
github.com/apstndb/spanner-mycli/dev-tools/shared/ui_types.go:159.2,159.51 1 0
github.com/apstndb/spanner-mycli/dev-tools/shared/ui_types.go:169.40,170.22 1 0
github.com/apstndb/spanner-mycli/dev-tools/shared/ui_types.go:171.19,172.28 1 0
github.com/apstndb/spanner-mycli/dev-tools/shared/ui_types.go:173.21,174.32 1 0
github.com/apstndb/spanner-mycli/dev-tools/shared/ui_types.go:175.17,176.34 1 0
github.com/apstndb/spanner-mycli/dev-tools/shared/ui_types.go:177.10,178.77 1 0
github.com/apstndb/spanner-mycli/dev-tools/shared/ui_types.go:189.40,190.19 1 0
github.com/apstndb/spanner-mycli/dev-tools/shared/ui_types.go:190.19,192.3 1 0
github.com/apstndb/spanner-mycli/dev-tools/shared/ui_types.go:194.2,194.18 1 0
github.com/apstndb/spanner-mycli/dev-tools/shared/ui_types.go:195.17,196.34 1 0
github.com/apstndb/spanner-mycli/dev-tools/shared/ui_types.go:197.17,198.35 1 0
github.com/apstndb/spanner-mycli/dev-tools/shared/ui_types.go:199.15,200.39 1 0
github.com/apstndb/spanner-mycli/dev-tools/shared/ui_types.go:201.17,202.34 1 0
github.com/apstndb/spanner-mycli/dev-tools/shared/ui_types.go:203.10,204.61 1 0
github.com/apstndb/spanner-mycli/dev-tools/shared/ui_types.go:216.44,217.22 1 0
github.com/apstndb/spanner-mycli/dev-tools/shared/ui_types.go:217.22,219.3 1 0
github.com/apstndb/spanner-mycli/dev-tools/shared/ui_types.go:220.2,220.47 1 0
github.com/apstndb/spanner-mycli/dev-tools/shared/ui_types.go:224.36,226.2 1 0
github.com/apstndb/spanner-mycli/dev-tools/shared/ui_types.go:229.47,234.2 1 0
github.com/apstndb/spanner-mycli/dev-tools/shared/ui_types.go:236.81,241.2 1 0
github.com/apstndb/spanner-mycli/dev-tools/shared/ui_types.go:243.60,248.2 1 0
github.com/apstndb/spanner-mycli/dev-tools/shared/ui_types.go:259.50,264.2 1 0
github.com/apstndb/spanner-mycli/dev-tools/shared/ui_types.go:267.43,269.2 1 0
github.com/apstndb/spanner-mycli/dev-tools/shared/ui_types.go:272.33,273.20 1 0
github.com/apstndb/spanner-mycli/dev-tools/shared/ui_types.go:273.20,275.3 1 0
github.com/apstndb/spanner-mycli/dev-tools/shared/ui_types.go:276.2,276.34 1 0
github.com/apstndb/spanner-mycli/dev-tools/shared/ui_types.go:276.34,278.3 1 0
github.com/apstndb/spanner-mycli/dev-tools/shared/ui_types.go:279.2,279.20 1 0
github.com/apstndb/spanner-mycli/dev-tools/shared/ui_types.go:279.20,281.3 1 0
github.com/apstndb/spanner-mycli/dev-tools/shared/unified_graphql.go:31.72,39.2 1 0
github.com/apstndb/spanner-mycli/dev-tools/shared/unified_graphql.go:44.57,49.2 4 0
github.com/apstndb/spanner-mycli/dev-tools/shared/unified_graphql.go:52.62,59.2 6 0
github.com/apstndb/spanner-mycli/dev-tools/shared/unified_graphql.go:62.62,72.2 9 0
github.com/apstndb/spanner-mycli/dev-tools/shared/unified_graphql.go:75.57,80.2 4 0
github.com/apstndb/spanner-mycli/dev-tools/shared/unified_graphql.go:83.58,89.2 5 0
github.com/apstndb/spanner-mycli/dev-tools/shared/unified_graphql.go:92.69,108.2 1 0
github.com/apstndb/spanner-mycli/dev-tools/shared/unified_graphql.go:274.59,275.50 1 0
github.com/apstndb/spanner-mycli/dev-tools/shared/unified_graphql.go:275.50,277.3 1 0
github.com/apstndb/spanner-mycli/dev-tools/shared/unified_graphql.go:278.2,278.52 1 0
github.com/apstndb/spanner-mycli/dev-tools/shared/unified_graphql.go:282.59,283.56 1 0
github.com/apstndb/spanner-mycli/dev-tools/shared/unified_graphql.go:283.56,285.3 1 0
github.com/apstndb/spanner-mycli/dev-tools/shared/unified_graphql.go:286.2,286.58 1 0
github.com/apstndb/spanner-mycli/dev-tools/shared/unified_graphql.go:290.67,292.57 1 0
github.com/apstndb/spanner-mycli/dev-tools/shared/unified_graphql.go:292.57,294.3 1 0
github.com/apstndb/spanner-mycli/dev-tools/shared/unified_graphql.go:295.2,295.63 1 0
github.com/apstndb/spanner-mycli/dev-tools/shared/unified_graphql.go:299.79,301.19 2 0
github.com/apstndb/spanner-mycli/dev-tools/shared/unified_graphql.go:301.19,303.3 1 0
github.com/apstndb/spanner-mycli/dev-tools/shared/unified_graphql.go:304.2,304.33 1 0
github.com/apstndb/spanner-mycli/dev-tools/shared/unified_graphql.go:308.79,310.25 2 0
github.com/apstndb/spanner-mycli/dev-tools/shared/unified_graphql.go:310.25,312.3 1 0
github.com/apstndb/spanner-mycli/dev-tools/shared/unified_graphql.go:313.2,313.32 1 0
github.com/apstndb/spanner-mycli/dev-tools/shared/unified_graphql.go:313.32,315.3 1 0
github.com/apstndb/spanner-mycli/dev-tools/shared/unified_graphql.go:316.2,316.8 1 0
github.com/apstndb/spanner-mycli/dev-tools/shared/unified_graphql.go:320.58,326.2 2 0
github.com/apstndb/spanner-mycli/dev-tools/shared/unified_graphql.go:329.49,331.2 1 0
github.com/apstndb/spanner-mycli/dev-tools/shared/unified_graphql.go:334.49,336.2 1 0
github.com/apstndb/spanner-mycli/dev-tools/shared/unified_graphql.go:339.48,341.2 1 0
github.com/apstndb/spanner-mycli/dev-tools/shared/unified_graphql.go:344.94,348.16 3 0
github.com/apstndb/spanner-mycli/dev-tools/shared/unified_graphql.go:348.16,350.3 1 0
github.com/apstndb/spanner-mycli/dev-tools/shared/unified_graphql.go:352.2,353.58 2 0
github.com/apstndb/spanner-mycli/dev-tools/shared/unified_graphql.go:353.58,355.3 1 0
github.com/apstndb/spanner-mycli/dev-tools/shared/unified_graphql.go:357.2,357.23 1 0
github.com/apstndb/spanner-mycli/dev-tools/shared/unified_graphql.go:363.68,364.21 1 0
github.com/apstndb/spanner-mycli/dev-tools/shared/unified_graphql.go:364.21,366.3 1 0
github.com/apstndb/spanner-mycli/dev-tools/shared/unified_graphql.go:368.2,398.3 1 0
github.com/apstndb/spanner-mycli/dev-tools/shared/unified_graphql.go:402.88,446.38 1 0
github.com/apstndb/spanner-mycli/dev-tools/shared/unified_graphql.go:446.38,446.78 2 0
github.com/apstndb/spanner-mycli/dev-tools/shared/unified_graphql.go:447.38,447.78 2 0
github.com/apstndb/spanner-mycli/dev-tools/shared/unified_graphql.go:460.9,461.50 1 0
github.com/apstndb/spanner-mycli/dev-tools/shared/unified_graphql.go:461.50,465.9 1 0
github.com/apstndb/spanner-mycli/dev-tools/shared/unified_graphql.go:466.8,466.18 1 0
github.com/apstndb/spanner-mycli/dev-tools/shared/unified_review.go:94.57,101.2 1 0
github.com/apstndb/spanner-mycli/dev-tools/shared/unified_review.go:107.117,109.16 2 0
github.com/apstndb/spanner-mycli/dev-tools/shared/unified_review.go:109.16,111.3 1 0
github.com/apstndb/spanner-mycli/dev-tools/shared/unified_review.go:114.2,114.27 1 0
github.com/apstndb/spanner-mycli/dev-tools/shared/unified_review.go:114.27,116.3 1 0
github.com/apstndb/spanner-mycli/dev-tools/shared/unified_review.go:117.2,117.27 1 0
github.com/apstndb/spanner-mycli/dev-tools/shared/unified_review.go:117.27,119.3 1 0
github.com/apstndb/spanner-mycli/dev-tools/shared/unified_review.go:122.2,304.16 9 0
github.com/apstndb/spanner-mycli/dev-tools/shared/unified_review.go:304.16,306.3 1 0
github.com/apstndb/spanner-mycli/dev-tools/shared/unified_review.go:309.2,459.58 2 0
github.com/apstndb/spanner-mycli/dev-tools/shared/unified_review.go:459.58,461.3 1 0
github.com/apstndb/spanner-mycli/dev-tools/shared/unified_review.go:463.2,470.21 5 0
github.com/apstndb/spanner-mycli/dev-tools/shared/unified_review.go:470.21,471.48 1 0
github.com/apstndb/spanner-mycli/dev-tools/shared/unified_review.go:471.48,473.4 1 0
github.com/apstndb/spanner-mycli/dev-tools/shared/unified_review.go:474.3,480.4 1 0
github.com/apstndb/spanner-mycli/dev-tools/shared/unified_review.go:481.8,481.29 1 0
github.com/apstndb/spanner-mycli/dev-tools/shared/unified_review.go:481.29,482.49 1 0
github.com/apstndb/spanner-mycli/dev-tools/shared/unified_review.go:482.49,484.4 1 0
github.com/apstndb/spanner-mycli/dev-tools/shared/unified_review.go:485.3,491.4 1 0
github.com/apstndb/spanner-mycli/dev-tools/shared/unified_review.go:492.8,493.43 1 0
github.com/apstndb/spanner-mycli/dev-tools/shared/unified_review.go:493.43,495.4 1 0
github.com/apstndb/spanner-mycli/dev-tools/shared/unified_review.go:496.3,502.4 1 0
github.com/apstndb/spanner-mycli/dev-tools/shared/unified_review.go:506.2,507.41 2 0
github.com/apstndb/spanner-mycli/dev-tools/shared/unified_review.go:507.41,528.32 2 0
github.com/apstndb/spanner-mycli/dev-tools/shared/unified_review.go:528.32,529.12 1 0
github.com/apstndb/spanner-mycli/dev-tools/shared/unified_review.go:533.3,538.49 4 0
github.com/apstndb/spanner-mycli/dev-tools/shared/unified_review.go:538.49,546.4 1 0
github.com/apstndb/spanner-mycli/dev-tools/shared/unified_review.go:548.3,557.5 1 0
github.com/apstndb/spanner-mycli/dev-tools/shared/unified_review.go:561.2,562.48 2 0
github.com/apstndb/spanner-mycli/dev-tools/shared/unified_review.go:562.48,564.47 1 0
github.com/apstndb/spanner-mycli/dev-tools/shared/unified_review.go:564.47,565.12 1 0
github.com/apstndb/spanner-mycli/dev-tools/shared/unified_review.go:567.3,571.49 4 0
github.com/apstndb/spanner-mycli/dev-tools/shared/unified_review.go:571.49,580.43 2 0
github.com/apstndb/spanner-mycli/dev-tools/shared/unified_review.go:580.43,582.5 1 0
github.com/apstndb/spanner-mycli/dev-tools/shared/unified_review.go:583.4,583.38 1 0
github.com/apstndb/spanner-mycli/dev-tools/shared/unified_review.go:586.3,589.47 2 0
github.com/apstndb/spanner-mycli/dev-tools/shared/unified_review.go:589.47,590.12 1 0
github.com/apstndb/spanner-mycli/dev-tools/shared/unified_review.go:593.3,602.5 1 0
github.com/apstndb/spanner-mycli/dev-tools/shared/unified_review.go:607.2,608.25 2 0
github.com/apstndb/spanner-mycli/dev-tools/shared/unified_review.go:608.25,616.3 1 0
github.com/apstndb/spanner-mycli/dev-tools/shared/unified_review.go:618.2,632.8 1 0
github.com/apstndb/spanner-mycli/dev-tools/shared/unified_review.go:636.56,640.86 2 0
github.com/apstndb/spanner-mycli/dev-tools/shared/unified_review.go:640.86,642.3 1 0
github.com/apstndb/spanner-mycli/dev-tools/shared/unified_review.go:643.2,644.48 1 0
github.com/apstndb/spanner-mycli/dev-tools/shared/unified_review.go:644.48,646.3 1 0
github.com/apstndb/spanner-mycli/dev-tools/shared/unified_review.go:647.2,647.91 1 0
github.com/apstndb/spanner-mycli/dev-tools/shared/unified_review.go:647.91,649.3 1 0
github.com/apstndb/spanner-mycli/dev-tools/shared/unified_review.go:650.2,650.85 1 0
github.com/apstndb/spanner-mycli/dev-tools/shared/unified_review.go:650.85,652.3 1 0
github.com/apstndb/spanner-mycli/dev-tools/shared/unified_review.go:655.2,659.43 2 0
github.com/apstndb/spanner-mycli/dev-tools/shared/unified_review.go:659.43,660.43 1 0
github.com/apstndb/spanner-mycli/dev-tools/shared/unified_review.go:660.43,662.4 1 0
github.com/apstndb/spanner-mycli/dev-tools/shared/unified_review.go:666.2,670.39 2 0
github.com/apstndb/spanner-mycli/dev-tools/shared/unified_review.go:670.39,671.43 1 0
github.com/apstndb/spanner-mycli/dev-tools/shared/unified_review.go:671.43,673.4 1 0
github.com/apstndb/spanner-mycli/dev-tools/shared/unified_review.go:676.2,676.21 1 0
github.com/apstndb/spanner-mycli/dev-tools/shared/unified_review.go:680.47,684.29 3 0
github.com/apstndb/spanner-mycli/dev-tools/shared/unified_review.go:684.29,695.42 5 0
github.com/apstndb/spanner-mycli/dev-tools/shared/unified_review.go:695.42,696.40 1 0
github.com/apstndb/spanner-mycli/dev-tools/shared/unified_review.go:696.40,698.10 2 0
github.com/apstndb/spanner-mycli/dev-tools/shared/unified_review.go:703.3,708.41 2 0
github.com/apstndb/spanner-mycli/dev-tools/shared/unified_review.go:708.41,709.40 1 0
github.com/apstndb/spanner-mycli/dev-tools/shared/unified_review.go:709.40,711.10 2 0
github.com/apstndb/spanner-mycli/dev-tools/shared/unified_review.go:715.3,715.59 1 0
github.com/apstndb/spanner-mycli/dev-tools/shared/unified_review.go:715.59,717.4 1 0
github.com/apstndb/spanner-mycli/dev-tools/shared/unified_review.go:721.2,723.29 3 0
github.com/apstndb/spanner-mycli/dev-tools/shared/unified_review.go:723.29,725.17 2 0
github.com/apstndb/spanner-mycli/dev-tools/shared/unified_review.go:725.17,728.4 2 0
github.com/apstndb/spanner-mycli/dev-tools/shared/unified_review.go:731.2,731.15 1 0
github.com/apstndb/spanner-mycli/dev-tools/shared/unified_review.go:735.70,739.38 2 0
github.com/apstndb/spanner-mycli/dev-tools/shared/unified_review.go:739.38,741.77 1 0
github.com/apstndb/spanner-mycli/dev-tools/shared/unified_review.go:741.77,751.4 1 0
github.com/apstndb/spanner-mycli/dev-tools/shared/unified_review.go:754.3,754.43 1 0
github.com/apstndb/spanner-mycli/dev-tools/shared/unified_review.go:754.43,755.43 1 0
github.com/apstndb/spanner-mycli/dev-tools/shared/unified_review.go:755.43,757.28 2 0
github.com/apstndb/spanner-mycli/dev-tools/shared/unified_review.go:757.28,759.6 1 0
github.com/apstndb/spanner-mycli/dev-tools/shared/unified_review.go:760.5,767.7 1 0
github.com/apstndb/spanner-mycli/dev-tools/shared/unified_review.go:773.2,773.38 1 0
github.com/apstndb/spanner-mycli/dev-tools/shared/unified_review.go:773.38,774.68 1 0
github.com/apstndb/spanner-mycli/dev-tools/shared/unified_review.go:774.68,776.26 2 0
github.com/apstndb/spanner-mycli/dev-tools/shared/unified_review.go:776.26,778.5 1 0
github.com/apstndb/spanner-mycli/dev-tools/shared/unified_review.go:780.4,781.32 2 0
github.com/apstndb/spanner-mycli/dev-tools/shared/unified_review.go:781.32,786.5 2 0
github.com/apstndb/spanner-mycli/dev-tools/shared/unified_review.go:788.4,795.6 1 0
github.com/apstndb/spanner-mycli/dev-tools/shared/unified_review.go:799.2,799.14 1 0
github.com/apstndb/spanner-mycli/dev-tools/shared/unified_review.go:814.46,821.35 3 0
github.com/apstndb/spanner-mycli/dev-tools/shared/unified_review.go:821.35,822.39 1 0
github.com/apstndb/spanner-mycli/dev-tools/shared/unified_review.go:822.39,824.4 1 0
github.com/apstndb/spanner-mycli/dev-tools/shared/unified_review.go:826.2,826.14 1 0
github.com/apstndb/spanner-mycli/dev-tools/shared/unified_review.go:830.50,833.22 3 0
github.com/apstndb/spanner-mycli/dev-tools/shared/unified_review.go:833.22,835.3 1 0
github.com/apstndb/spanner-mycli/dev-tools/shared/unified_review.go:836.2,836.29 1 0
github.com/apstndb/spanner-mycli/dev-tools/shared/utils.go:11.35,14.2 2 0
github.com/apstndb/spanner-mycli/dev-tools/shared/utils.go:17.39,19.16 2 0
github.com/apstndb/spanner-mycli/dev-tools/shared/utils.go:19.16,21.3 1 0
github.com/apstndb/spanner-mycli/dev-tools/shared/utils.go:22.2,22.24 1 0
github.com/apstndb/spanner-mycli/dev-tools/shared/utils.go:26.38,29.2 2 0
github.com/apstndb/spanner-mycli/dev-tools/shared/utils.go:32.52,37.2 4 0
github.com/apstndb/spanner-mycli/dev-tools/shared/utils.go:40.68,43.2 2 0
github.com/apstndb/spanner-mycli/dev-tools/gh-helper/main.go:23.90,25.19 2 0
github.com/apstndb/spanner-mycli/dev-tools/gh-helper/main.go:25.19,27.3 1 0
github.com/apstndb/spanner-mycli/dev-tools/gh-helper/main.go:29.2,30.16 2 0
github.com/apstndb/spanner-mycli/dev-tools/gh-helper/main.go:30.16,32.3 1 0
github.com/apstndb/spanner-mycli/dev-tools/gh-helper/main.go:34.2,34.19 1 0
github.com/apstndb/spanner-mycli/dev-tools/gh-helper/main.go:34.19,36.3 1 0
github.com/apstndb/spanner-mycli/dev-tools/gh-helper/main.go:38.2,38.44 1 0
github.com/apstndb/spanner-mycli/dev-tools/gh-helper/main.go:42.44,44.2 1 1
github.com/apstndb/spanner-mycli/dev-tools/gh-helper/main.go:48.65,50.16 2 1
github.com/apstndb/spanner-mycli/dev-tools/gh-helper/main.go:50.16,52.3 1 0
github.com/apstndb/spanner-mycli/dev-tools/gh-helper/main.go:55.2,55.66 1 1
github.com/apstndb/spanner-mycli/dev-tools/gh-helper/main.go:55.66,58.3 1 1
github.com/apstndb/spanner-mycli/dev-tools/gh-helper/main.go:60.2,60.46 1 1
github.com/apstndb/spanner-mycli/dev-tools/gh-helper/main.go:194.13,221.2 19 1
github.com/apstndb/spanner-mycli/dev-tools/gh-helper/main.go:223.13,224.42 1 0
github.com/apstndb/spanner-mycli/dev-tools/gh-helper/main.go:224.42,227.3 2 0
github.com/apstndb/spanner-mycli/dev-tools/gh-helper/main.go:232.39,235.2 2 0
github.com/apstndb/spanner-mycli/dev-tools/gh-helper/main.go:244.61,249.16 4 0
github.com/apstndb/spanner-mycli/dev-tools/gh-helper/main.go:249.16,251.3 1 0
github.com/apstndb/spanner-mycli/dev-tools/gh-helper/main.go:253.2,254.53 2 0
github.com/apstndb/spanner-mycli/dev-tools/gh-helper/main.go:254.53,256.3 1 0
github.com/apstndb/spanner-mycli/dev-tools/gh-helper/main.go:258.2,258.20 1 0
github.com/apstndb/spanner-mycli/dev-tools/gh-helper/main.go:262.64,266.52 3 0
github.com/apstndb/spanner-mycli/dev-tools/gh-helper/main.go:266.52,268.3 1 0
github.com/apstndb/spanner-mycli/dev-tools/gh-helper/main.go:270.2,271.16 2 0
github.com/apstndb/spanner-mycli/dev-tools/gh-helper/main.go:271.16,273.3 1 0
github.com/apstndb/spanner-mycli/dev-tools/gh-helper/main.go:275.2,275.65 1 0
github.com/apstndb/spanner-mycli/dev-tools/gh-helper/main.go:275.65,277.3 1 0
github.com/apstndb/spanner-mycli/dev-tools/gh-helper/main.go:279.2,279.12 1 0
github.com/apstndb/spanner-mycli/dev-tools/gh-helper/main.go:283.80,284.22 1 0
github.com/apstndb/spanner-mycli/dev-tools/gh-helper/main.go:284.22,287.3 1 0
github.com/apstndb/spanner-mycli/dev-tools/gh-helper/main.go:289.2,289.33 1 0
github.com/apstndb/spanner-mycli/dev-tools/gh-helper/main.go:289.33,291.75 1 0
github.com/apstndb/spanner-mycli/dev-tools/gh-helper/main.go:291.75,293.4 1 0
github.com/apstndb/spanner-mycli/dev-tools/gh-helper/main.go:296.2,296.14 1 0
github.com/apstndb/spanner-mycli/dev-tools/gh-helper/main.go:308.57,310.92 1 1
github.com/apstndb/spanner-mycli/dev-tools/gh-helper/main.go:310.92,312.3 1 1
github.com/apstndb/spanner-mycli/dev-tools/gh-helper/main.go:312.8,312.27 1 1
github.com/apstndb/spanner-mycli/dev-tools/gh-helper/main.go:312.27,315.3 2 1
github.com/apstndb/spanner-mycli/dev-tools/gh-helper/main.go:318.2,318.100 1 1
github.com/apstndb/spanner-mycli/dev-tools/gh-helper/main.go:318.100,320.3 1 0
github.com/apstndb/spanner-mycli/dev-tools/gh-helper/main.go:320.8,320.31 1 1
github.com/apstndb/spanner-mycli/dev-tools/gh-helper/main.go:320.31,323.3 2 1
github.com/apstndb/spanner-mycli/dev-tools/gh-helper/main.go:325.2,325.17 1 1
github.com/apstndb/spanner-mycli/dev-tools/gh-helper/main.go:328.60,332.19 3 0
github.com/apstndb/spanner-mycli/dev-tools/gh-helper/main.go:332.19,334.3 1 0
github.com/apstndb/spanner-mycli/dev-tools/gh-helper/main.go:336.2,337.16 2 0
github.com/apstndb/spanner-mycli/dev-tools/gh-helper/main.go:337.16,339.3 1 0
github.com/apstndb/spanner-mycli/dev-tools/gh-helper/main.go:341.2,341.19 1 0
github.com/apstndb/spanner-mycli/dev-tools/gh-helper/main.go:341.19,343.3 1 0
github.com/apstndb/spanner-mycli/dev-tools/gh-helper/main.go:345.2,349.52 3 0
github.com/apstndb/spanner-mycli/dev-tools/gh-helper/main.go:349.52,351.3 1 0
github.com/apstndb/spanner-mycli/dev-tools/gh-helper/main.go:353.2,357.16 3 0
github.com/apstndb/spanner-mycli/dev-tools/gh-helper/main.go:357.16,359.3 1 0
github.com/apstndb/spanner-mycli/dev-tools/gh-helper/main.go:362.2,364.16 3 0
github.com/apstndb/spanner-mycli/dev-tools/gh-helper/main.go:364.16,366.3 1 0
github.com/apstndb/spanner-mycli/dev-tools/gh-helper/main.go:368.2,369.23 2 0
github.com/apstndb/spanner-mycli/dev-tools/gh-helper/main.go:369.23,372.3 2 0
github.com/apstndb/spanner-mycli/dev-tools/gh-helper/main.go:378.2,379.16 2 0
github.com/apstndb/spanner-mycli/dev-tools/gh-helper/main.go:379.16,383.34 3 0
github.com/apstndb/spanner-mycli/dev-tools/gh-helper/main.go:383.34,385.76 1 0
github.com/apstndb/spanner-mycli/dev-tools/gh-helper/main.go:385.76,387.5 1 0
github.com/apstndb/spanner-mycli/dev-tools/gh-helper/main.go:390.3,390.26 1 0
github.com/apstndb/spanner-mycli/dev-tools/gh-helper/main.go:390.26,394.38 4 0
github.com/apstndb/spanner-mycli/dev-tools/gh-helper/main.go:394.38,396.5 1 0
github.com/apstndb/spanner-mycli/dev-tools/gh-helper/main.go:397.4,400.38 3 0
github.com/apstndb/spanner-mycli/dev-tools/gh-helper/main.go:400.38,402.19 2 0
github.com/apstndb/spanner-mycli/dev-tools/gh-helper/main.go:402.19,404.6 1 0
github.com/apstndb/spanner-mycli/dev-tools/gh-helper/main.go:405.5,406.64 1 0
github.com/apstndb/spanner-mycli/dev-tools/gh-helper/main.go:408.9,410.4 1 0
github.com/apstndb/spanner-mycli/dev-tools/gh-helper/main.go:411.8,416.34 5 0
github.com/apstndb/spanner-mycli/dev-tools/gh-helper/main.go:416.34,418.4 1 0
github.com/apstndb/spanner-mycli/dev-tools/gh-helper/main.go:422.2,422.22 1 0
github.com/apstndb/spanner-mycli/dev-tools/gh-helper/main.go:422.22,428.64 3 0
github.com/apstndb/spanner-mycli/dev-tools/gh-helper/main.go:428.64,430.4 1 0
github.com/apstndb/spanner-mycli/dev-tools/gh-helper/main.go:430.9,432.4 1 0
github.com/apstndb/spanner-mycli/dev-tools/gh-helper/main.go:435.2,436.12 2 0
github.com/apstndb/spanner-mycli/dev-tools/gh-helper/main.go:439.62,442.16 3 0
github.com/apstndb/spanner-mycli/dev-tools/gh-helper/main.go:442.16,444.3 1 0
github.com/apstndb/spanner-mycli/dev-tools/gh-helper/main.go:447.2,447.37 1 0
github.com/apstndb/spanner-mycli/dev-tools/gh-helper/main.go:447.37,449.3 1 0
github.com/apstndb/spanner-mycli/dev-tools/gh-helper/main.go:452.2,456.37 3 0
github.com/apstndb/spanner-mycli/dev-tools/gh-helper/main.go:456.37,458.76 2 0
github.com/apstndb/spanner-mycli/dev-tools/gh-helper/main.go:458.76,460.4 1 0
github.com/apstndb/spanner-mycli/dev-tools/gh-helper/main.go:461.3,461.45 1 0
github.com/apstndb/spanner-mycli/dev-tools/gh-helper/main.go:465.2,466.20 2 0
github.com/apstndb/spanner-mycli/dev-tools/gh-helper/main.go:466.20,468.3 1 0
github.com/apstndb/spanner-mycli/dev-tools/gh-helper/main.go:469.2,469.19 1 0
github.com/apstndb/spanner-mycli/dev-tools/gh-helper/main.go:469.19,471.3 1 0
github.com/apstndb/spanner-mycli/dev-tools/gh-helper/main.go:474.2,475.16 2 0
github.com/apstndb/spanner-mycli/dev-tools/gh-helper/main.go:475.16,477.3 1 0
github.com/apstndb/spanner-mycli/dev-tools/gh-helper/main.go:479.2,488.15 4 0
github.com/apstndb/spanner-mycli/dev-tools/gh-helper/main.go:488.15,488.56 1 0
github.com/apstndb/spanner-mycli/dev-tools/gh-helper/main.go:491.2,494.38 2 0
github.com/apstndb/spanner-mycli/dev-tools/gh-helper/main.go:494.38,498.3 2 0
github.com/apstndb/spanner-mycli/dev-tools/gh-helper/main.go:501.2,503.12 2 0
github.com/apstndb/spanner-mycli/dev-tools/gh-helper/main.go:507.48,510.16 2 0
github.com/apstndb/spanner-mycli/dev-tools/gh-helper/main.go:510.16,512.3 1 0
github.com/apstndb/spanner-mycli/dev-tools/gh-helper/main.go:515.2,519.16 3 0
github.com/apstndb/spanner-mycli/dev-tools/gh-helper/main.go:519.16,521.3 1 0
github.com/apstndb/spanner-mycli/dev-tools/gh-helper/main.go:523.2,528.16 4 0
github.com/apstndb/spanner-mycli/dev-tools/gh-helper/main.go:528.16,530.3 1 0
github.com/apstndb/spanner-mycli/dev-tools/gh-helper/main.go:532.2,533.6 2 0
github.com/apstndb/spanner-mycli/dev-tools/gh-helper/main.go:533.6,535.47 1 0
github.com/apstndb/spanner-mycli/dev-tools/gh-helper/main.go:535.47,538.4 2 0
github.com/apstndb/spanner-mycli/dev-tools/gh-helper/main.go:541.3,543.17 3 0
github.com/apstndb/spanner-mycli/dev-tools/gh-helper/main.go:543.17,546.12 3 0
github.com/apstndb/spanner-mycli/dev-tools/gh-helper/main.go:549.3,551.40 2 0
github.com/apstndb/spanner-mycli/dev-tools/gh-helper/main.go:551.40,553.24 1 0
github.com/apstndb/spanner-mycli/dev-tools/gh-helper/main.go:553.24,555.5 1 0
github.com/apstndb/spanner-mycli/dev-tools/gh-helper/main.go:555.10,557.36 1 0
github.com/apstndb/spanner-mycli/dev-tools/gh-helper/main.go:557.36,559.78 1 0
github.com/apstndb/spanner-mycli/dev-tools/gh-helper/main.go:559.78,561.54 2 0
github.com/apstndb/spanner-mycli/dev-tools/gh-helper/main.go:561.54,563.8 1 0
github.com/apstndb/spanner-mycli/dev-tools/gh-helper/main.go:564.7,564.12 1 0
github.com/apstndb/spanner-mycli/dev-tools/gh-helper/main.go:570.4,570.24 1 0
github.com/apstndb/spanner-mycli/dev-tools/gh-helper/main.go:570.24,577.5 3 0
github.com/apstndb/spanner-mycli/dev-tools/gh-helper/main.go:579.4,582.14 4 0
github.com/apstndb/spanner-mycli/dev-tools/gh-helper/main.go:585.3,590.31 4 0
github.com/apstndb/spanner-mycli/dev-tools/gh-helper/main.go:607.59,609.2 1 0
github.com/apstndb/spanner-mycli/dev-tools/gh-helper/main.go:611.71,616.16 3 0
github.com/apstndb/spanner-mycli/dev-tools/gh-helper/main.go:616.16,618.3 1 0
github.com/apstndb/spanner-mycli/dev-tools/gh-helper/main.go:621.2,622.16 2 0
github.com/apstndb/spanner-mycli/dev-tools/gh-helper/main.go:622.16,624.3 1 0
github.com/apstndb/spanner-mycli/dev-tools/gh-helper/main.go:627.2,628.16 2 0
github.com/apstndb/spanner-mycli/dev-tools/gh-helper/main.go:628.16,630.3 1 0
github.com/apstndb/spanner-mycli/dev-tools/gh-helper/main.go:633.2,634.59 2 0
github.com/apstndb/spanner-mycli/dev-tools/gh-helper/main.go:634.59,638.3 3 0
github.com/apstndb/spanner-mycli/dev-tools/gh-helper/main.go:641.2,641.19 1 0
github.com/apstndb/spanner-mycli/dev-tools/gh-helper/main.go:641.19,643.76 2 0
github.com/apstndb/spanner-mycli/dev-tools/gh-helper/main.go:643.76,645.4 1 0
github.com/apstndb/spanner-mycli/dev-tools/gh-helper/main.go:646.3,646.45 1 0
github.com/apstndb/spanner-mycli/dev-tools/gh-helper/main.go:649.2,657.12 5 0
github.com/apstndb/spanner-mycli/dev-tools/gh-helper/main.go:657.12,660.41 3 0
github.com/apstndb/spanner-mycli/dev-tools/gh-helper/main.go:660.41,663.4 2 0
github.com/apstndb/spanner-mycli/dev-tools/gh-helper/main.go:664.3,664.15 1 0
github.com/apstndb/spanner-mycli/dev-tools/gh-helper/main.go:669.2,676.6 5 0
github.com/apstndb/spanner-mycli/dev-tools/gh-helper/main.go:676.6,678.47 1 0
github.com/apstndb/spanner-mycli/dev-tools/gh-helper/main.go:678.47,680.38 2 0
github.com/apstndb/spanner-mycli/dev-tools/gh-helper/main.go:680.38,683.5 2 0
github.com/apstndb/spanner-mycli/dev-tools/gh-helper/main.go:683.10,685.43 2 0
github.com/apstndb/spanner-mycli/dev-tools/gh-helper/main.go:685.43,687.6 1 0
github.com/apstndb/spanner-mycli/dev-tools/gh-helper/main.go:688.5,688.15 1 0
github.com/apstndb/spanner-mycli/dev-tools/gh-helper/main.go:693.3,695.17 3 0
github.com/apstndb/spanner-mycli/dev-tools/gh-helper/main.go:695.17,698.12 3 0
github.com/apstndb/spanner-mycli/dev-tools/gh-helper/main.go:702.3,703.40 2 0
github.com/apstndb/spanner-mycli/dev-tools/gh-helper/main.go:703.40,706.4 2 0
github.com/apstndb/spanner-mycli/dev-tools/gh-helper/main.go:712.3,713.33 2 0
github.com/apstndb/spanner-mycli/dev-tools/gh-helper/main.go:713.33,719.4 5 0
github.com/apstndb/spanner-mycli/dev-tools/gh-helper/main.go:722.3,723.31 2 0
github.com/apstndb/spanner-mycli/dev-tools/gh-helper/main.go:723.31,726.4 2 0
github.com/apstndb/spanner-mycli/dev-tools/gh-helper/main.go:726.9,736.34 2 0
github.com/apstndb/spanner-mycli/dev-tools/gh-helper/main.go:736.34,738.5 1 0
github.com/apstndb/spanner-mycli/dev-tools/gh-helper/main.go:738.10,738.67 1 0
github.com/apstndb/spanner-mycli/dev-tools/gh-helper/main.go:738.67,742.5 1 0
github.com/apstndb/spanner-mycli/dev-tools/gh-helper/main.go:742.10,745.5 1 0
github.com/apstndb/spanner-mycli/dev-tools/gh-helper/main.go:748.3,748.19 1 0
github.com/apstndb/spanner-mycli/dev-tools/gh-helper/main.go:748.19,756.15 5 0
github.com/apstndb/spanner-mycli/dev-tools/gh-helper/main.go:756.15,758.5 1 0
github.com/apstndb/spanner-mycli/dev-tools/gh-helper/main.go:760.4,760.34 1 0
github.com/apstndb/spanner-mycli/dev-tools/gh-helper/main.go:760.34,762.5 1 0
github.com/apstndb/spanner-mycli/dev-tools/gh-helper/main.go:762.10,764.5 1 0
github.com/apstndb/spanner-mycli/dev-tools/gh-helper/main.go:765.4,765.32 1 0
github.com/apstndb/spanner-mycli/dev-tools/gh-helper/main.go:765.32,770.5 3 0
github.com/apstndb/spanner-mycli/dev-tools/gh-helper/main.go:770.10,772.5 1 0
github.com/apstndb/spanner-mycli/dev-tools/gh-helper/main.go:773.4,773.24 1 0
github.com/apstndb/spanner-mycli/dev-tools/gh-helper/main.go:777.3,777.37 1 0
github.com/apstndb/spanner-mycli/dev-tools/gh-helper/main.go:777.37,780.20 2 0
github.com/apstndb/spanner-mycli/dev-tools/gh-helper/main.go:780.20,785.36 3 0
github.com/apstndb/spanner-mycli/dev-tools/gh-helper/main.go:785.36,786.16 1 0
github.com/apstndb/spanner-mycli/dev-tools/gh-helper/main.go:786.16,787.12 1 0
github.com/apstndb/spanner-mycli/dev-tools/gh-helper/main.go:789.6,794.53 2 0
github.com/apstndb/spanner-mycli/dev-tools/gh-helper/main.go:794.53,796.7 1 0
github.com/apstndb/spanner-mycli/dev-tools/gh-helper/main.go:796.12,796.34 1 0
github.com/apstndb/spanner-mycli/dev-tools/gh-helper/main.go:796.34,798.7 1 0
github.com/apstndb/spanner-mycli/dev-tools/gh-helper/main.go:801.5,802.98 2 0
github.com/apstndb/spanner-mycli/dev-tools/gh-helper/main.go:806.4,807.34 2 0
github.com/apstndb/spanner-mycli/dev-tools/gh-helper/main.go:807.34,810.5 2 0
github.com/apstndb/spanner-mycli/dev-tools/gh-helper/main.go:811.4,811.22 1 0
github.com/apstndb/spanner-mycli/dev-tools/gh-helper/main.go:811.22,812.33 1 0
github.com/apstndb/spanner-mycli/dev-tools/gh-helper/main.go:812.33,816.6 2 0
github.com/apstndb/spanner-mycli/dev-tools/gh-helper/main.go:816.11,818.6 1 0
github.com/apstndb/spanner-mycli/dev-tools/gh-helper/main.go:821.4,821.14 1 0
github.com/apstndb/spanner-mycli/dev-tools/gh-helper/main.go:824.3,829.31 4 0
github.com/apstndb/spanner-mycli/dev-tools/gh-helper/main.go:834.58,845.16 6 0
github.com/apstndb/spanner-mycli/dev-tools/gh-helper/main.go:845.16,847.3 1 0
github.com/apstndb/spanner-mycli/dev-tools/gh-helper/main.go:849.2,850.21 2 0
github.com/apstndb/spanner-mycli/dev-tools/gh-helper/main.go:850.21,852.3 1 0
github.com/apstndb/spanner-mycli/dev-tools/gh-helper/main.go:855.2,858.31 3 0
github.com/apstndb/spanner-mycli/dev-tools/gh-helper/main.go:858.31,860.3 1 0
github.com/apstndb/spanner-mycli/dev-tools/gh-helper/main.go:862.2,863.24 2 0
github.com/apstndb/spanner-mycli/dev-tools/gh-helper/main.go:863.24,865.3 1 0
github.com/apstndb/spanner-mycli/dev-tools/gh-helper/main.go:866.2,868.31 2 0
github.com/apstndb/spanner-mycli/dev-tools/gh-helper/main.go:868.31,870.3 1 0
github.com/apstndb/spanner-mycli/dev-tools/gh-helper/main.go:871.2,875.80 3 0
github.com/apstndb/spanner-mycli/dev-tools/gh-helper/main.go:875.80,878.3 2 0
github.com/apstndb/spanner-mycli/dev-tools/gh-helper/main.go:881.2,882.48 2 0
github.com/apstndb/spanner-mycli/dev-tools/gh-helper/main.go:882.48,887.3 4 0
github.com/apstndb/spanner-mycli/dev-tools/gh-helper/main.go:889.2,889.58 1 0
github.com/apstndb/spanner-mycli/dev-tools/gh-helper/main.go:889.58,892.55 2 0
github.com/apstndb/spanner-mycli/dev-tools/gh-helper/main.go:892.55,893.47 1 0
github.com/apstndb/spanner-mycli/dev-tools/gh-helper/main.go:893.47,898.5 4 0
github.com/apstndb/spanner-mycli/dev-tools/gh-helper/main.go:899.9,905.4 4 0
github.com/apstndb/spanner-mycli/dev-tools/gh-helper/main.go:908.2,908.12 1 0
github.com/apstndb/spanner-mycli/dev-tools/gh-helper/main.go:911.61,919.55 4 0
github.com/apstndb/spanner-mycli/dev-tools/gh-helper/main.go:919.55,921.3 1 0
github.com/apstndb/spanner-mycli/dev-tools/gh-helper/main.go:923.2,924.12 2 0
github.com/apstndb/spanner-mycli/dev-tools/gh-helper/main.go:927.61,934.19 4 0
github.com/apstndb/spanner-mycli/dev-tools/gh-helper/main.go:934.19,936.3 1 0
github.com/apstndb/spanner-mycli/dev-tools/gh-helper/main.go:936.8,939.17 2 0
github.com/apstndb/spanner-mycli/dev-tools/gh-helper/main.go:939.17,941.4 1 0
github.com/apstndb/spanner-mycli/dev-tools/gh-helper/main.go:942.3,942.52 1 0
github.com/apstndb/spanner-mycli/dev-tools/gh-helper/main.go:945.2,945.21 1 0
github.com/apstndb/spanner-mycli/dev-tools/gh-helper/main.go:945.21,947.23 1 0
github.com/apstndb/spanner-mycli/dev-tools/gh-helper/main.go:947.23,949.4 1 0
github.com/apstndb/spanner-mycli/dev-tools/gh-helper/main.go:949.9,951.4 1 0
github.com/apstndb/spanner-mycli/dev-tools/gh-helper/main.go:955.2,955.22 1 0
github.com/apstndb/spanner-mycli/dev-tools/gh-helper/main.go:955.22,957.3 1 0
github.com/apstndb/spanner-mycli/dev-tools/gh-helper/main.go:960.2,960.23 1 0
github.com/apstndb/spanner-mycli/dev-tools/gh-helper/main.go:960.23,962.3 1 0
github.com/apstndb/spanner-mycli/dev-tools/gh-helper/main.go:964.2,990.16 5 0
github.com/apstndb/spanner-mycli/dev-tools/gh-helper/main.go:990.16,992.3 1 0
github.com/apstndb/spanner-mycli/dev-tools/gh-helper/main.go:994.2,1006.58 2 0
github.com/apstndb/spanner-mycli/dev-tools/gh-helper/main.go:1006.58,1008.3 1 0
github.com/apstndb/spanner-mycli/dev-tools/gh-helper/main.go:1010.2,1011.22 2 0
github.com/apstndb/spanner-mycli/dev-tools/gh-helper/main.go:1011.22,1015.3 3 0
github.com/apstndb/spanner-mycli/dev-tools/gh-helper/main.go:1017.2,1022.17 4 0
github.com/apstndb/spanner-mycli/dev-tools/gh-helper/main.go:1022.17,1024.56 2 0
github.com/apstndb/spanner-mycli/dev-tools/gh-helper/main.go:1024.56,1027.4 1 0
github.com/apstndb/spanner-mycli/dev-tools/gh-helper/main.go:1027.9,1029.4 1 0
github.com/apstndb/spanner-mycli/dev-tools/gh-helper/main.go:1032.2,1032.12 1 0
github.com/apstndb/spanner-mycli/dev-tools/gh-helper/reviews_unified.go:74.13,92.2 12 1
github.com/apstndb/spanner-mycli/dev-tools/gh-helper/reviews_unified.go:94.60,97.16 3 0
github.com/apstndb/spanner-mycli/dev-tools/gh-helper/reviews_unified.go:97.16,99.3 1 0
github.com/apstndb/spanner-mycli/dev-tools/gh-helper/reviews_unified.go:102.2,102.66 1 0
github.com/apstndb/spanner-mycli/dev-tools/gh-helper/reviews_unified.go:102.66,104.3 1 0
github.com/apstndb/spanner-mycli/dev-tools/gh-helper/reviews_unified.go:105.2,105.63 1 0
github.com/apstndb/spanner-mycli/dev-tools/gh-helper/reviews_unified.go:105.63,107.3 1 0
github.com/apstndb/spanner-mycli/dev-tools/gh-helper/reviews_unified.go:110.2,118.32 5 0
github.com/apstndb/spanner-mycli/dev-tools/gh-helper/reviews_unified.go:118.32,122.18 4 0
github.com/apstndb/spanner-mycli/dev-tools/gh-helper/reviews_unified.go:122.18,124.4 1 0
github.com/apstndb/spanner-mycli/dev-tools/gh-helper/reviews_unified.go:127.2,135.16 2 0
github.com/apstndb/spanner-mycli/dev-tools/gh-helper/reviews_unified.go:135.16,143.3 1 0
github.com/apstndb/spanner-mycli/dev-tools/gh-helper/reviews_unified.go:143.8,148.3 2 0
github.com/apstndb/spanner-mycli/dev-tools/gh-helper/reviews_unified.go:150.2,151.16 2 0
github.com/apstndb/spanner-mycli/dev-tools/gh-helper/reviews_unified.go:151.16,153.3 1 0
github.com/apstndb/spanner-mycli/dev-tools/gh-helper/reviews_unified.go:155.2,155.16 1 0
github.com/apstndb/spanner-mycli/dev-tools/gh-helper/reviews_unified.go:155.16,156.18 1 0
github.com/apstndb/spanner-mycli/dev-tools/gh-helper/reviews_unified.go:156.18,158.40 1 0
github.com/apstndb/spanner-mycli/dev-tools/gh-helper/reviews_unified.go:158.40,159.48 1 0
github.com/apstndb/spanner-mycli/dev-tools/gh-helper/reviews_unified.go:159.48,161.6 1 0
github.com/apstndb/spanner-mycli/dev-tools/gh-helper/reviews_unified.go:163.4,163.14 1 0
github.com/apstndb/spanner-mycli/dev-tools/gh-helper/reviews_unified.go:164.9,164.25 1 0
github.com/apstndb/spanner-mycli/dev-tools/gh-helper/reviews_unified.go:164.25,167.40 2 0
github.com/apstndb/spanner-mycli/dev-tools/gh-helper/reviews_unified.go:167.40,168.48 1 0
github.com/apstndb/spanner-mycli/dev-tools/gh-helper/reviews_unified.go:168.48,170.6 1 0
github.com/apstndb/spanner-mycli/dev-tools/gh-helper/reviews_unified.go:172.4,174.46 3 0
github.com/apstndb/spanner-mycli/dev-tools/gh-helper/reviews_unified.go:175.9,180.4 3 0
github.com/apstndb/spanner-mycli/dev-tools/gh-helper/reviews_unified.go:184.2,188.25 4 0
github.com/apstndb/spanner-mycli/dev-tools/gh-helper/reviews_unified.go:188.25,190.39 2 0
github.com/apstndb/spanner-mycli/dev-tools/gh-helper/reviews_unified.go:190.39,196.25 3 0
github.com/apstndb/spanner-mycli/dev-tools/gh-helper/reviews_unified.go:196.25,198.27 2 0
github.com/apstndb/spanner-mycli/dev-tools/gh-helper/reviews_unified.go:198.27,200.6 1 0
github.com/apstndb/spanner-mycli/dev-tools/gh-helper/reviews_unified.go:201.5,201.41 1 0
github.com/apstndb/spanner-mycli/dev-tools/gh-helper/reviews_unified.go:204.4,204.35 1 0
github.com/apstndb/spanner-mycli/dev-tools/gh-helper/reviews_unified.go:204.35,206.45 2 0
github.com/apstndb/spanner-mycli/dev-tools/gh-helper/reviews_unified.go:206.45,208.6 1 0
github.com/apstndb/spanner-mycli/dev-tools/gh-helper/reviews_unified.go:211.4,211.32 1 0
github.com/apstndb/spanner-mycli/dev-tools/gh-helper/reviews_unified.go:211.32,213.5 1 0
github.com/apstndb/spanner-mycli/dev-tools/gh-helper/reviews_unified.go:215.8,217.39 2 0
github.com/apstndb/spanner-mycli/dev-tools/gh-helper/reviews_unified.go:217.39,220.4 1 0
github.com/apstndb/spanner-mycli/dev-tools/gh-helper/reviews_unified.go:223.2,223.20 1 0
github.com/apstndb/spanner-mycli/dev-tools/gh-helper/reviews_unified.go:223.20,226.39 3 0
github.com/apstndb/spanner-mycli/dev-tools/gh-helper/reviews_unified.go:226.39,227.26 1 0
github.com/apstndb/spanner-mycli/dev-tools/gh-helper/reviews_unified.go:227.26,229.5 1 0
github.com/apstndb/spanner-mycli/dev-tools/gh-helper/reviews_unified.go:230.4,230.25 1 0
github.com/apstndb/spanner-mycli/dev-tools/gh-helper/reviews_unified.go:230.25,232.5 1 0
github.com/apstndb/spanner-mycli/dev-tools/gh-helper/reviews_unified.go:235.3,239.39 2 0
github.com/apstndb/spanner-mycli/dev-tools/gh-helper/reviews_unified.go:239.39,240.47 1 0
github.com/apstndb/spanner-mycli/dev-tools/gh-helper/reviews_unified.go:240.47,242.27 2 0
github.com/apstndb/spanner-mycli/dev-tools/gh-helper/reviews_unified.go:242.27,244.6 1 0
github.com/apstndb/spanner-mycli/dev-tools/gh-helper/reviews_unified.go:246.5,247.33 2 0
github.com/apstndb/spanner-mycli/dev-tools/gh-helper/reviews_unified.go:247.33,250.6 2 0
github.com/apstndb/spanner-mycli/dev-tools/gh-helper/reviews_unified.go:255.2,255.12 1 0
github.com/apstndb/spanner-mycli/dev-tools/gh-helper/reviews_unified.go:258.62,261.16 3 0
github.com/apstndb/spanner-mycli/dev-tools/gh-helper/reviews_unified.go:261.16,263.3 1 0
github.com/apstndb/spanner-mycli/dev-tools/gh-helper/reviews_unified.go:265.2,270.16 3 0
github.com/apstndb/spanner-mycli/dev-tools/gh-helper/reviews_unified.go:270.16,273.3 1 0
github.com/apstndb/spanner-mycli/dev-tools/gh-helper/reviews_unified.go:273.8,276.3 1 0
github.com/apstndb/spanner-mycli/dev-tools/gh-helper/reviews_unified.go:278.2,279.16 2 0
github.com/apstndb/spanner-mycli/dev-tools/gh-helper/reviews_unified.go:279.16,281.3 1 0
github.com/apstndb/spanner-mycli/dev-tools/gh-helper/reviews_unified.go:284.2,286.16 2 0
github.com/apstndb/spanner-mycli/dev-tools/gh-helper/reviews_unified.go:286.16,288.3 1 0
github.com/apstndb/spanner-mycli/dev-tools/gh-helper/reviews_unified.go:290.2,290.21 1 0
github.com/apstndb/spanner-mycli/dev-tools/gh-helper/reviews_unified.go:290.21,293.3 2 0
github.com/apstndb/spanner-mycli/dev-tools/gh-helper/reviews_unified.go:296.2,296.40 1 0
github.com/apstndb/spanner-mycli/dev-tools/gh-helper/reviews_unified.go:296.40,305.3 2 0
github.com/apstndb/spanner-mycli/dev-tools/gh-helper/reviews_unified.go:307.2,311.29 3 0
github.com/apstndb/spanner-mycli/dev-tools/gh-helper/reviews_unified.go:311.29,313.3 1 0
github.com/apstndb/spanner-mycli/dev-tools/gh-helper/reviews_unified.go:316.2,316.61 1 0
github.com/apstndb/spanner-mycli/dev-tools/gh-helper/reviews_unified.go:316.61,318.32 2 0
github.com/apstndb/spanner-mycli/dev-tools/gh-helper/reviews_unified.go:318.32,323.33 5 0
github.com/apstndb/spanner-mycli/dev-tools/gh-helper/reviews_unified.go:323.33,325.45 2 0
github.com/apstndb/spanner-mycli/dev-tools/gh-helper/reviews_unified.go:325.45,327.6 1 0
github.com/apstndb/spanner-mycli/dev-tools/gh-helper/reviews_unified.go:333.2,333.71 1 0
github.com/apstndb/spanner-mycli/dev-tools/gh-helper/reviews_unified.go:333.71,335.33 2 0
github.com/apstndb/spanner-mycli/dev-tools/gh-helper/reviews_unified.go:335.33,338.4 2 0
github.com/apstndb/spanner-mycli/dev-tools/gh-helper/reviews_unified.go:342.2,342.61 1 0
github.com/apstndb/spanner-mycli/dev-tools/gh-helper/reviews_unified.go:342.61,344.32 2 0
github.com/apstndb/spanner-mycli/dev-tools/gh-helper/reviews_unified.go:344.32,347.4 2 0
github.com/apstndb/spanner-mycli/dev-tools/gh-helper/reviews_unified.go:351.2,353.29 3 0
github.com/apstndb/spanner-mycli/dev-tools/gh-helper/reviews_unified.go:353.29,354.24 1 0
github.com/apstndb/spanner-mycli/dev-tools/gh-helper/reviews_unified.go:355.32,356.19 1 0
github.com/apstndb/spanner-mycli/dev-tools/gh-helper/reviews_unified.go:357.28,358.15 1 0
github.com/apstndb/spanner-mycli/dev-tools/gh-helper/reviews_unified.go:362.2,362.40 1 0
github.com/apstndb/spanner-mycli/dev-tools/gh-helper/reviews_unified.go:362.40,365.3 1 0
github.com/apstndb/spanner-mycli/dev-tools/gh-helper/reviews_unified.go:367.2,370.12 3 0
github.com/apstndb/spanner-mycli/dev-tools/gh-helper/reviews_unified.go:381.61,382.55 1 0
github.com/apstndb/spanner-mycli/dev-tools/gh-helper/reviews_unified.go:382.55,384.3 1 0
github.com/apstndb/spanner-mycli/dev-tools/gh-helper/reviews_unified.go:385.2,385.17 1 0
github.com/apstndb/spanner-mycli/dev-tools/gh-helper/reviews_unified.go:389.94,410.29 3 0
github.com/apstndb/spanner-mycli/dev-tools/gh-helper/reviews_unified.go:410.29,412.3 1 0
github.com/apstndb/spanner-mycli/dev-tools/gh-helper/reviews_unified.go:414.2,415.38 2 0
github.com/apstndb/spanner-mycli/dev-tools/gh-helper/reviews_unified.go:415.38,416.46 1 0
github.com/apstndb/spanner-mycli/dev-tools/gh-helper/reviews_unified.go:416.46,418.4 1 0
github.com/apstndb/spanner-mycli/dev-tools/gh-helper/reviews_unified.go:419.3,419.25 1 0
github.com/apstndb/spanner-mycli/dev-tools/gh-helper/reviews_unified.go:419.25,421.4 1 0
github.com/apstndb/spanner-mycli/dev-tools/gh-helper/reviews_unified.go:422.3,422.26 1 0
github.com/apstndb/spanner-mycli/dev-tools/gh-helper/reviews_unified.go:425.2,438.31 4 0
